<?xml version="1.0" encoding="utf-8"?>
<TestRun id="a039e3ca-8436-41c5-8943-27c40e77e140" name="GreX@SAPPHIRE-PC 2023-03-02 17:11:56" runUser="SAPPHIRE-PC\GreX" xmlns="http://microsoft.com/schemas/VisualStudio/TeamTest/2010">
  <Times creation="2023-03-02T17:11:56.7828930+02:00" queuing="2023-03-02T17:11:56.7828934+02:00" start="2023-03-02T17:11:55.1396472+02:00" finish="2023-03-02T17:11:56.9354580+02:00" />
  <TestSettings name="default" id="7e797855-ca27-414a-98b4-d9233b090e56">
    <Deployment runDeploymentRoot="GreX_SAPPHIRE-PC_2023-03-02_17_11_56" />
  </TestSettings>
  <Results>
    <UnitTestResult executionId="3ac47f40-c2ba-40bc-8c19-3199b0c9b17a" testId="c393a45f-3964-b99a-48de-491cf60d38d5" testName="MovieRental.UnitTests.ControllerTests.ClientsControllerTests.Delete_should_return_not_found_if_id_is_null" computerName="SAPPHIRE-PC" duration="00:00:00.0004222" startTime="2023-03-02T17:11:56.7560642+02:00" endTime="2023-03-02T17:11:56.7560643+02:00" testType="13cdc9d9-ddb5-4fa4-a97d-d965ccfc6d4b" outcome="Passed" testListId="8c84fa94-04c1-424b-9868-57a2d4851a1d" relativeResultsDirectory="3ac47f40-c2ba-40bc-8c19-3199b0c9b17a" />
    <UnitTestResult executionId="5a50560e-4342-41aa-8955-c6381d05fdb2" testId="a970e4fa-ca44-3504-28a4-6ce215804383" testName="MovieRental.UnitTests.ControllerTests.RentingMoviesControllerTests.DeleteConfirmed_should_return_not_found_if_rentingMovie_is_null" computerName="SAPPHIRE-PC" duration="00:00:00.0017710" startTime="2023-03-02T17:11:56.7560382+02:00" endTime="2023-03-02T17:11:56.7560383+02:00" testType="13cdc9d9-ddb5-4fa4-a97d-d965ccfc6d4b" outcome="Passed" testListId="8c84fa94-04c1-424b-9868-57a2d4851a1d" relativeResultsDirectory="5a50560e-4342-41aa-8955-c6381d05fdb2" />
    <UnitTestResult executionId="ad83155e-fa4a-46dc-bfb2-881510bf4365" testId="4ab13d06-9e4d-be0f-9e53-f33e4e8149fc" testName="MovieRental.UnitTests.ControllerTests.ClientsControllerTests.Edit_should_save_client_data" computerName="SAPPHIRE-PC" duration="00:00:00.0029196" startTime="2023-03-02T17:11:56.7544094+02:00" endTime="2023-03-02T17:11:56.7544096+02:00" testType="13cdc9d9-ddb5-4fa4-a97d-d965ccfc6d4b" outcome="Passed" testListId="8c84fa94-04c1-424b-9868-57a2d4851a1d" relativeResultsDirectory="ad83155e-fa4a-46dc-bfb2-881510bf4365" />
    <UnitTestResult executionId="9110cdcd-4114-4f92-af8c-d9a36d0a8ca2" testId="890ed616-ee30-3902-6275-3d87418401c1" testName="MovieRental.UnitTests.ServiceTests.MovieServiceTests.GetById_should_return_null_if_movie_was_not_found" computerName="SAPPHIRE-PC" duration="00:00:00.0060751" startTime="2023-03-02T17:11:56.7854586+02:00" endTime="2023-03-02T17:11:56.7854595+02:00" testType="13cdc9d9-ddb5-4fa4-a97d-d965ccfc6d4b" outcome="Passed" testListId="8c84fa94-04c1-424b-9868-57a2d4851a1d" relativeResultsDirectory="9110cdcd-4114-4f92-af8c-d9a36d0a8ca2" />
    <UnitTestResult executionId="1fbbe15c-f3d2-4188-9b8a-a2fd72710e32" testId="3dc299ce-0ee7-5be4-8060-49d51df7e5fd" testName="MovieRental.UnitTests.ControllerTests.ClientsControllerTests.Edit_should_return_notfound_when_ids_do_not_match" computerName="SAPPHIRE-PC" duration="00:00:00.0054166" startTime="2023-03-02T17:11:56.7667440+02:00" endTime="2023-03-02T17:11:56.7667441+02:00" testType="13cdc9d9-ddb5-4fa4-a97d-d965ccfc6d4b" outcome="Passed" testListId="8c84fa94-04c1-424b-9868-57a2d4851a1d" relativeResultsDirectory="1fbbe15c-f3d2-4188-9b8a-a2fd72710e32" />
    <UnitTestResult executionId="965ecfb4-4a22-4d1b-9a27-a3dc95d9b65e" testId="dd16f71e-f4b6-9246-c543-bdd954a41814" testName="MovieRental.UnitTests.ServiceTests.ClientServiceTests.List_returns_paged_list_of_client_models" computerName="SAPPHIRE-PC" duration="00:00:00.0130245" startTime="2023-03-02T17:11:56.8055607+02:00" endTime="2023-03-02T17:11:56.8055611+02:00" testType="13cdc9d9-ddb5-4fa4-a97d-d965ccfc6d4b" outcome="Passed" testListId="8c84fa94-04c1-424b-9868-57a2d4851a1d" relativeResultsDirectory="965ecfb4-4a22-4d1b-9a27-a3dc95d9b65e" />
    <UnitTestResult executionId="4e3712ed-98ed-4aa9-b763-c258f9e35431" testId="749dfcf3-9f11-77c3-9611-1984b9c6c8c8" testName="MovieRental.UnitTests.ServiceTests.RentingMovieServiceTests.Save_should_save_valid_rentingMovie" computerName="SAPPHIRE-PC" duration="00:00:00.0063443" startTime="2023-03-02T17:11:56.7920649+02:00" endTime="2023-03-02T17:11:56.7920658+02:00" testType="13cdc9d9-ddb5-4fa4-a97d-d965ccfc6d4b" outcome="Passed" testListId="8c84fa94-04c1-424b-9868-57a2d4851a1d" relativeResultsDirectory="4e3712ed-98ed-4aa9-b763-c258f9e35431" />
    <UnitTestResult executionId="c90c2e04-5acd-4797-8b00-1b7d96f9a1c8" testId="20a345fc-c282-02f3-caaa-32604498f431" testName="MovieRental.UnitTests.ServiceTests.ClientServiceTests.GetForEdit_should_return_null_if_client_was_not_found" computerName="SAPPHIRE-PC" duration="00:00:00.0042498" startTime="2023-03-02T17:11:56.8250986+02:00" endTime="2023-03-02T17:11:56.8250991+02:00" testType="13cdc9d9-ddb5-4fa4-a97d-d965ccfc6d4b" outcome="Passed" testListId="8c84fa94-04c1-424b-9868-57a2d4851a1d" relativeResultsDirectory="c90c2e04-5acd-4797-8b00-1b7d96f9a1c8" />
    <UnitTestResult executionId="27ec293b-38f2-4714-b644-6064d9678e43" testId="099c5d33-f1e2-66f9-133d-a71733ae61f3" testName="MovieRental.UnitTests.ControllerTests.MoviesControllerTests.Edit_should_return_badresult_when_model_is_null" computerName="SAPPHIRE-PC" duration="00:00:00.0117705" startTime="2023-03-02T17:11:56.7692534+02:00" endTime="2023-03-02T17:11:56.7692540+02:00" testType="13cdc9d9-ddb5-4fa4-a97d-d965ccfc6d4b" outcome="Passed" testListId="8c84fa94-04c1-424b-9868-57a2d4851a1d" relativeResultsDirectory="27ec293b-38f2-4714-b644-6064d9678e43" />
    <UnitTestResult executionId="b8cf36bd-778b-427f-bbf0-b49199482c5b" testId="dd7cd6bc-da54-69e4-14d7-bff4aab017c3" testName="MovieRental.UnitTests.ControllerTests.MoviesControllerTests.Delete_should_show_confirmation_page" computerName="SAPPHIRE-PC" duration="00:00:00.0011670" startTime="2023-03-02T17:11:56.7575892+02:00" endTime="2023-03-02T17:11:56.7575893+02:00" testType="13cdc9d9-ddb5-4fa4-a97d-d965ccfc6d4b" outcome="Passed" testListId="8c84fa94-04c1-424b-9868-57a2d4851a1d" relativeResultsDirectory="b8cf36bd-778b-427f-bbf0-b49199482c5b" />
    <UnitTestResult executionId="a83aece7-cfdd-42fd-90f9-d72aa515f085" testId="b2f9a8e3-9ec9-0680-9259-6c659e39c53f" testName="MovieRental.UnitTests.ServiceTests.MovieServiceTests.Save_should_handle_missing_movie" computerName="SAPPHIRE-PC" duration="00:00:00.1289729" startTime="2023-03-02T17:11:56.7797086+02:00" endTime="2023-03-02T17:11:56.7797088+02:00" testType="13cdc9d9-ddb5-4fa4-a97d-d965ccfc6d4b" outcome="Passed" testListId="8c84fa94-04c1-424b-9868-57a2d4851a1d" relativeResultsDirectory="a83aece7-cfdd-42fd-90f9-d72aa515f085" />
    <UnitTestResult executionId="fc78059a-cd57-4030-a055-62c66c72ed87" testId="1a83e5d2-8ca8-43dc-d952-a3647cb08ebd" testName="MovieRental.UnitTests.ControllerTests.ClientsControllerTests.Edit_should_stay_on_form_when_model_is_invalid" computerName="SAPPHIRE-PC" duration="00:00:00.0006543" startTime="2023-03-02T17:11:56.7560889+02:00" endTime="2023-03-02T17:11:56.7560890+02:00" testType="13cdc9d9-ddb5-4fa4-a97d-d965ccfc6d4b" outcome="Passed" testListId="8c84fa94-04c1-424b-9868-57a2d4851a1d" relativeResultsDirectory="fc78059a-cd57-4030-a055-62c66c72ed87" />
    <UnitTestResult executionId="77dc1dd8-a284-4609-9c2b-fe204ce9c137" testId="47363a79-e7a3-62ea-18da-cb63a0cf8269" testName="MovieRental.UnitTests.ServiceTests.ClientServiceTests.GetForEdit_should_return_client" computerName="SAPPHIRE-PC" duration="00:00:00.0113089" startTime="2023-03-02T17:11:56.8207968+02:00" endTime="2023-03-02T17:11:56.8207984+02:00" testType="13cdc9d9-ddb5-4fa4-a97d-d965ccfc6d4b" outcome="Passed" testListId="8c84fa94-04c1-424b-9868-57a2d4851a1d" relativeResultsDirectory="77dc1dd8-a284-4609-9c2b-fe204ce9c137" />
    <UnitTestResult executionId="12448e07-5f3a-4442-a16e-62592ab13e8c" testId="38234caf-8c4b-2e3a-11cb-8085444112aa" testName="MovieRental.UnitTests.ControllerTests.ClientsControllerTests.Index_should_return_default_view" computerName="SAPPHIRE-PC" duration="00:00:00.0030020" startTime="2023-03-02T17:11:56.7575112+02:00" endTime="2023-03-02T17:11:56.7575113+02:00" testType="13cdc9d9-ddb5-4fa4-a97d-d965ccfc6d4b" outcome="Passed" testListId="8c84fa94-04c1-424b-9868-57a2d4851a1d" relativeResultsDirectory="12448e07-5f3a-4442-a16e-62592ab13e8c" />
    <UnitTestResult executionId="435b97bc-0169-40c8-a990-2927c388c05b" testId="c6ff314e-939a-a6eb-4d52-140224b6b8a6" testName="MovieRental.UnitTests.ServiceTests.MovieServiceTests.Delete_should_survive_null_model" computerName="SAPPHIRE-PC" duration="00:00:00.0090261" startTime="2023-03-02T17:11:56.8210768+02:00" endTime="2023-03-02T17:11:56.8210772+02:00" testType="13cdc9d9-ddb5-4fa4-a97d-d965ccfc6d4b" outcome="Passed" testListId="8c84fa94-04c1-424b-9868-57a2d4851a1d" relativeResultsDirectory="435b97bc-0169-40c8-a990-2927c388c05b" />
    <UnitTestResult executionId="22b2058b-1459-4e43-a5c5-0e2537cc6aec" testId="b48466b1-a087-56c0-6d8c-61e387bea42e" testName="MovieRental.UnitTests.ControllerTests.RentingsControllerTests.Index_should_return_list_of_rentings" computerName="SAPPHIRE-PC" duration="00:00:00.0059374" startTime="2023-03-02T17:11:56.7667155+02:00" endTime="2023-03-02T17:11:56.7667156+02:00" testType="13cdc9d9-ddb5-4fa4-a97d-d965ccfc6d4b" outcome="Passed" testListId="8c84fa94-04c1-424b-9868-57a2d4851a1d" relativeResultsDirectory="22b2058b-1459-4e43-a5c5-0e2537cc6aec" />
    <UnitTestResult executionId="df200bbd-4109-4cd7-b1e5-7b22433b2edd" testId="8d055f37-4d87-5098-c274-8d96432177d5" testName="MovieRental.UnitTests.ControllerTests.MoviesControllerTests.Details_returns_correct_result_when_movie_is_found" computerName="SAPPHIRE-PC" duration="00:00:00.0053517" startTime="2023-03-02T17:11:56.7666869+02:00" endTime="2023-03-02T17:11:56.7666870+02:00" testType="13cdc9d9-ddb5-4fa4-a97d-d965ccfc6d4b" outcome="Passed" testListId="8c84fa94-04c1-424b-9868-57a2d4851a1d" relativeResultsDirectory="df200bbd-4109-4cd7-b1e5-7b22433b2edd" />
    <UnitTestResult executionId="4990d878-f8bf-45cb-bb40-094ccab92bad" testId="18dad7e3-46fc-5566-1d02-7154826a8acf" testName="MovieRental.UnitTests.ControllerTests.RentingMoviesControllerTests.Edit_should_return_notfound_when_ids_does_not_match" computerName="SAPPHIRE-PC" duration="00:00:00.0120017" startTime="2023-03-02T17:11:56.7672657+02:00" endTime="2023-03-02T17:11:56.7672658+02:00" testType="13cdc9d9-ddb5-4fa4-a97d-d965ccfc6d4b" outcome="Passed" testListId="8c84fa94-04c1-424b-9868-57a2d4851a1d" relativeResultsDirectory="4990d878-f8bf-45cb-bb40-094ccab92bad" />
    <UnitTestResult executionId="30739789-ee14-4846-bf3a-f8bfcb91b972" testId="6d8c612d-72e1-0b75-aee0-887f6ef22f3d" testName="MovieRental.UnitTests.ServiceTests.RentingServiceTests.Delete_should_survive_null_model" computerName="SAPPHIRE-PC" duration="00:00:00.0043990" startTime="2023-03-02T17:11:56.7928168+02:00" endTime="2023-03-02T17:11:56.7928175+02:00" testType="13cdc9d9-ddb5-4fa4-a97d-d965ccfc6d4b" outcome="Passed" testListId="8c84fa94-04c1-424b-9868-57a2d4851a1d" relativeResultsDirectory="30739789-ee14-4846-bf3a-f8bfcb91b972" />
    <UnitTestResult executionId="9c88ffe3-e79e-4613-9478-8a995573a097" testId="b867f9c7-49ed-9a37-76e7-d43bbf8f3bc2" testName="MovieRental.UnitTests.ServiceTests.RentingMovieServiceTests.GetForEdit_should_return_null_if_rentingMovie_was_not_found" computerName="SAPPHIRE-PC" duration="00:00:00.0039948" startTime="2023-03-02T17:11:56.8646803+02:00" endTime="2023-03-02T17:11:56.8646817+02:00" testType="13cdc9d9-ddb5-4fa4-a97d-d965ccfc6d4b" outcome="Passed" testListId="8c84fa94-04c1-424b-9868-57a2d4851a1d" relativeResultsDirectory="9c88ffe3-e79e-4613-9478-8a995573a097" />
    <UnitTestResult executionId="86569d6c-c1d8-4fd8-8737-792cf5b63c2e" testId="a8c7d4c0-2357-a12e-3c8f-958226126a1b" testName="MovieRental.UnitTests.ControllerTests.RentingsControllerTests.DeleteConfirmed_should_delete_renting" computerName="SAPPHIRE-PC" duration="00:00:00.0028784" startTime="2023-03-02T17:11:56.7571056+02:00" endTime="2023-03-02T17:11:56.7571057+02:00" testType="13cdc9d9-ddb5-4fa4-a97d-d965ccfc6d4b" outcome="Passed" testListId="8c84fa94-04c1-424b-9868-57a2d4851a1d" relativeResultsDirectory="86569d6c-c1d8-4fd8-8737-792cf5b63c2e" />
    <UnitTestResult executionId="2bc9fcf1-5455-4d53-9a70-2ce596bfb55f" testId="ee86b64d-8bc1-4c88-6174-44514a7034f6" testName="MovieRental.UnitTests.ControllerTests.RentingMoviesControllerTests.Edit_should_return_badresult_when_model_is_null" computerName="SAPPHIRE-PC" duration="00:00:00.0004324" startTime="2023-03-02T17:11:56.7778363+02:00" endTime="2023-03-02T17:11:56.7778365+02:00" testType="13cdc9d9-ddb5-4fa4-a97d-d965ccfc6d4b" outcome="Passed" testListId="8c84fa94-04c1-424b-9868-57a2d4851a1d" relativeResultsDirectory="2bc9fcf1-5455-4d53-9a70-2ce596bfb55f" />
    <UnitTestResult executionId="eebe35c0-92c8-4b6a-ab03-d428b082c4b8" testId="cbe49032-db46-fa95-05ff-1c5f0291a96f" testName="MovieRental.UnitTests.ControllerTests.RentingsControllerTests.Delete_should_return_not_found_if_id_is_null" computerName="SAPPHIRE-PC" duration="00:00:00.0033227" startTime="2023-03-02T17:11:56.7671760+02:00" endTime="2023-03-02T17:11:56.7671762+02:00" testType="13cdc9d9-ddb5-4fa4-a97d-d965ccfc6d4b" outcome="Passed" testListId="8c84fa94-04c1-424b-9868-57a2d4851a1d" relativeResultsDirectory="eebe35c0-92c8-4b6a-ab03-d428b082c4b8" />
    <UnitTestResult executionId="0dae0e89-e644-407b-8a85-ddb01c6d2740" testId="5debadfc-fe64-f21f-278e-7a1ba5d95e67" testName="MovieRental.UnitTests.ServiceTests.RentingServiceTests.GetById_should_return_renting" computerName="SAPPHIRE-PC" duration="00:00:00.0102070" startTime="2023-03-02T17:11:56.7883605+02:00" endTime="2023-03-02T17:11:56.7883620+02:00" testType="13cdc9d9-ddb5-4fa4-a97d-d965ccfc6d4b" outcome="Passed" testListId="8c84fa94-04c1-424b-9868-57a2d4851a1d" relativeResultsDirectory="0dae0e89-e644-407b-8a85-ddb01c6d2740" />
    <UnitTestResult executionId="74f07cac-f511-418c-b4c5-31c3737ab08c" testId="8b49ca67-9b5c-60f4-faa2-20f0a972f379" testName="MovieRental.UnitTests.ControllerTests.MoviesControllerTests.Delete_should_return_not_found_when_movie_does_not_exist" computerName="SAPPHIRE-PC" duration="00:00:00.0013669" startTime="2023-03-02T17:11:56.7565793+02:00" endTime="2023-03-02T17:11:56.7565794+02:00" testType="13cdc9d9-ddb5-4fa4-a97d-d965ccfc6d4b" outcome="Passed" testListId="8c84fa94-04c1-424b-9868-57a2d4851a1d" relativeResultsDirectory="74f07cac-f511-418c-b4c5-31c3737ab08c" />
    <UnitTestResult executionId="52c3806a-104d-49fd-93a2-278a0ac6f027" testId="869f6499-d8bb-1f64-6208-4a807b829102" testName="MovieRental.UnitTests.ControllerTests.ClientsControllerTests.Index_should_return_list_of_clients" computerName="SAPPHIRE-PC" duration="00:00:00.0127166" startTime="2023-03-02T17:11:56.7701076+02:00" endTime="2023-03-02T17:11:56.7701082+02:00" testType="13cdc9d9-ddb5-4fa4-a97d-d965ccfc6d4b" outcome="Passed" testListId="8c84fa94-04c1-424b-9868-57a2d4851a1d" relativeResultsDirectory="52c3806a-104d-49fd-93a2-278a0ac6f027" />
    <UnitTestResult executionId="54481f9d-9b82-4eab-bb03-b242643cd3dc" testId="85c45951-3cc0-6a08-1790-2faad737342e" testName="MovieRental.UnitTests.ServiceTests.ClientServiceTests.Save_should_save_valid_client" computerName="SAPPHIRE-PC" duration="00:00:00.0075300" startTime="2023-03-02T17:11:56.7924857+02:00" endTime="2023-03-02T17:11:56.7924867+02:00" testType="13cdc9d9-ddb5-4fa4-a97d-d965ccfc6d4b" outcome="Passed" testListId="8c84fa94-04c1-424b-9868-57a2d4851a1d" relativeResultsDirectory="54481f9d-9b82-4eab-bb03-b242643cd3dc" />
    <UnitTestResult executionId="261bb3c7-dd3c-4cbd-b3bc-74ae1cb4c1b4" testId="7a89aa9f-d6a1-573d-6bcc-ee152cf0e941" testName="MovieRental.UnitTests.ControllerTests.ClientsControllerTests.Details_should_return_not_found_if_id_is_null" computerName="SAPPHIRE-PC" duration="00:00:00.0036043" startTime="2023-03-02T17:11:56.7672080+02:00" endTime="2023-03-02T17:11:56.7672082+02:00" testType="13cdc9d9-ddb5-4fa4-a97d-d965ccfc6d4b" outcome="Passed" testListId="8c84fa94-04c1-424b-9868-57a2d4851a1d" relativeResultsDirectory="261bb3c7-dd3c-4cbd-b3bc-74ae1cb4c1b4" />
    <UnitTestResult executionId="0f0822bf-1177-494a-af3a-9e4115da4e70" testId="b4cb7b23-545f-243d-469b-920b3f622669" testName="MovieRental.UnitTests.ServiceTests.RentingMovieServiceTests.Delete_should_survive_null_model" computerName="SAPPHIRE-PC" duration="00:00:00.0026895" startTime="2023-03-02T17:11:56.8522173+02:00" endTime="2023-03-02T17:11:56.8522177+02:00" testType="13cdc9d9-ddb5-4fa4-a97d-d965ccfc6d4b" outcome="Passed" testListId="8c84fa94-04c1-424b-9868-57a2d4851a1d" relativeResultsDirectory="0f0822bf-1177-494a-af3a-9e4115da4e70" />
    <UnitTestResult executionId="0b28ca3c-1ec2-4acf-996a-5691908d6129" testId="e4c4581c-6f68-20b2-b60c-5accc76f21af" testName="MovieRental.UnitTests.ServiceTests.ClientServiceTests.GetById_should_return_null_if_client_was_not_found" computerName="SAPPHIRE-PC" duration="00:00:00.0057954" startTime="2023-03-02T17:11:56.8309434+02:00" endTime="2023-03-02T17:11:56.8309439+02:00" testType="13cdc9d9-ddb5-4fa4-a97d-d965ccfc6d4b" outcome="Passed" testListId="8c84fa94-04c1-424b-9868-57a2d4851a1d" relativeResultsDirectory="0b28ca3c-1ec2-4acf-996a-5691908d6129" />
    <UnitTestResult executionId="190e0ba6-6c4b-4450-a8ae-66828b020a53" testId="5314c418-c50f-69c5-6cdf-9f5c82ec4ef1" testName="MovieRental.UnitTests.ServiceTests.ClientServiceTests.Delete_deletes_client" computerName="SAPPHIRE-PC" duration="00:00:00.0039927" startTime="2023-03-02T17:11:56.8505670+02:00" endTime="2023-03-02T17:11:56.8505674+02:00" testType="13cdc9d9-ddb5-4fa4-a97d-d965ccfc6d4b" outcome="Passed" testListId="8c84fa94-04c1-424b-9868-57a2d4851a1d" relativeResultsDirectory="190e0ba6-6c4b-4450-a8ae-66828b020a53" />
    <UnitTestResult executionId="50a2cdbe-9c9a-4469-8637-d125e0300961" testId="cf2b8585-fde2-f354-4924-96622e7fc71a" testName="MovieRental.UnitTests.ServiceTests.RentingMovieServiceTests.GetById_should_return_rentingMovie" computerName="SAPPHIRE-PC" duration="00:00:00.0063262" startTime="2023-03-02T17:11:56.8111794+02:00" endTime="2023-03-02T17:11:56.8111801+02:00" testType="13cdc9d9-ddb5-4fa4-a97d-d965ccfc6d4b" outcome="Passed" testListId="8c84fa94-04c1-424b-9868-57a2d4851a1d" relativeResultsDirectory="50a2cdbe-9c9a-4469-8637-d125e0300961" />
    <UnitTestResult executionId="a32026ae-c06e-490e-93b1-680ce3f214c9" testId="faf7dfd8-7137-9688-e2b1-bec41c06c6b6" testName="MovieRental.UnitTests.ControllerTests.MoviesControllerTests.Edit_should_return_notfound_when_ids_does_not_match" computerName="SAPPHIRE-PC" duration="00:00:00.0035505" startTime="2023-03-02T17:11:56.7544781+02:00" endTime="2023-03-02T17:11:56.7544784+02:00" testType="13cdc9d9-ddb5-4fa4-a97d-d965ccfc6d4b" outcome="Passed" testListId="8c84fa94-04c1-424b-9868-57a2d4851a1d" relativeResultsDirectory="a32026ae-c06e-490e-93b1-680ce3f214c9" />
    <UnitTestResult executionId="4f4d5479-d5ad-497d-9343-8fa0eb5f2d72" testId="de25aef2-c69f-51f4-70a6-f1be9fe010e1" testName="MovieRental.UnitTests.ServiceTests.ClientServiceTests.Save_should_handle_missing_client" computerName="SAPPHIRE-PC" duration="00:00:00.1286026" startTime="2023-03-02T17:11:56.7789693+02:00" endTime="2023-03-02T17:11:56.7789702+02:00" testType="13cdc9d9-ddb5-4fa4-a97d-d965ccfc6d4b" outcome="Passed" testListId="8c84fa94-04c1-424b-9868-57a2d4851a1d" relativeResultsDirectory="4f4d5479-d5ad-497d-9343-8fa0eb5f2d72" />
    <UnitTestResult executionId="46fe00f8-c71c-4526-84ca-6e9fc7e4fde3" testId="776d0197-a3bd-3675-be7c-3befdd2b22e9" testName="MovieRental.UnitTests.ControllerTests.RentingMoviesControllerTests.Delete_should_return_not_found_if_id_is_null" computerName="SAPPHIRE-PC" duration="00:00:00.0009172" startTime="2023-03-02T17:11:56.7542526+02:00" endTime="2023-03-02T17:11:56.7542529+02:00" testType="13cdc9d9-ddb5-4fa4-a97d-d965ccfc6d4b" outcome="Passed" testListId="8c84fa94-04c1-424b-9868-57a2d4851a1d" relativeResultsDirectory="46fe00f8-c71c-4526-84ca-6e9fc7e4fde3" />
    <UnitTestResult executionId="085e206f-bbf9-4e6e-9d37-3be38c76c86c" testId="9f8b7192-a7de-6cb3-f67d-f2d6ccb8b238" testName="MovieRental.UnitTests.ServiceTests.MovieServiceTests.Delete_handles_null_movie" computerName="SAPPHIRE-PC" duration="00:00:00.0033857" startTime="2023-03-02T17:11:56.8336253+02:00" endTime="2023-03-02T17:11:56.8336262+02:00" testType="13cdc9d9-ddb5-4fa4-a97d-d965ccfc6d4b" outcome="Passed" testListId="8c84fa94-04c1-424b-9868-57a2d4851a1d" relativeResultsDirectory="085e206f-bbf9-4e6e-9d37-3be38c76c86c" />
    <UnitTestResult executionId="8a46c260-de05-418c-8b6a-024ea95383f5" testId="f1bc554c-b0ba-6ee6-3c46-aabf25ed933f" testName="MovieRental.UnitTests.ControllerTests.RentingsControllerTests.Details_should_return_not_found_if_renting_is_null" computerName="SAPPHIRE-PC" duration="00:00:00.0166968" startTime="2023-03-02T17:11:56.7737364+02:00" endTime="2023-03-02T17:11:56.7737368+02:00" testType="13cdc9d9-ddb5-4fa4-a97d-d965ccfc6d4b" outcome="Passed" testListId="8c84fa94-04c1-424b-9868-57a2d4851a1d" relativeResultsDirectory="8a46c260-de05-418c-8b6a-024ea95383f5" />
    <UnitTestResult executionId="3646f1d7-99bb-463c-88a4-ae4afd05c388" testId="5eb7c0a0-3d47-be3f-c16c-2dba46644f8b" testName="MovieRental.UnitTests.ServiceTests.RentingServiceTests.GetForEdit_should_return_null_if_renting_was_not_found" computerName="SAPPHIRE-PC" duration="00:00:00.0097169" startTime="2023-03-02T17:11:56.8212345+02:00" endTime="2023-03-02T17:11:56.8212349+02:00" testType="13cdc9d9-ddb5-4fa4-a97d-d965ccfc6d4b" outcome="Passed" testListId="8c84fa94-04c1-424b-9868-57a2d4851a1d" relativeResultsDirectory="3646f1d7-99bb-463c-88a4-ae4afd05c388" />
    <UnitTestResult executionId="2f8b1c6e-2e5e-4a75-b8b1-d94ebfbfe321" testId="6e1f6e49-d62f-55f0-2d5e-ed5d66c861ca" testName="MovieRental.UnitTests.ServiceTests.RentingServiceTests.Save_should_handle_missing_client" computerName="SAPPHIRE-PC" duration="00:00:00.0045392" startTime="2023-03-02T17:11:56.8320483+02:00" endTime="2023-03-02T17:11:56.8320486+02:00" testType="13cdc9d9-ddb5-4fa4-a97d-d965ccfc6d4b" outcome="Passed" testListId="8c84fa94-04c1-424b-9868-57a2d4851a1d" relativeResultsDirectory="2f8b1c6e-2e5e-4a75-b8b1-d94ebfbfe321" />
    <UnitTestResult executionId="c8000e12-4908-49dc-8c33-1348530272ca" testId="0aa2f004-3361-4494-2ddf-5f52788dcfb6" testName="MovieRental.UnitTests.ControllerTests.RentingsControllerTests.DeleteConfirmed_should_return_not_found_if_renting_is_null" computerName="SAPPHIRE-PC" duration="00:00:00.0009762" startTime="2023-03-02T17:11:56.7797376+02:00" endTime="2023-03-02T17:11:56.7797377+02:00" testType="13cdc9d9-ddb5-4fa4-a97d-d965ccfc6d4b" outcome="Passed" testListId="8c84fa94-04c1-424b-9868-57a2d4851a1d" relativeResultsDirectory="c8000e12-4908-49dc-8c33-1348530272ca" />
    <UnitTestResult executionId="9618dffb-0b6b-49d6-b6b1-8ea219a7ff4c" testId="7f960a7e-30e6-acaa-856b-6ad5bf9ab64e" testName="MovieRental.UnitTests.ControllerTests.RentingsControllerTests.Delete_should_show_confirmation_page" computerName="SAPPHIRE-PC" duration="00:00:00.0014682" startTime="2023-03-02T17:11:56.7575653+02:00" endTime="2023-03-02T17:11:56.7575654+02:00" testType="13cdc9d9-ddb5-4fa4-a97d-d965ccfc6d4b" outcome="Passed" testListId="8c84fa94-04c1-424b-9868-57a2d4851a1d" relativeResultsDirectory="9618dffb-0b6b-49d6-b6b1-8ea219a7ff4c" />
    <UnitTestResult executionId="18eb38aa-b0d3-4f18-b15a-678badb5a594" testId="dbd08c20-ff59-3161-cec5-52265c8f6f5c" testName="MovieRental.UnitTests.ControllerTests.ClientsControllerTests.Details_should_return_not_found_if_client_is_null" computerName="SAPPHIRE-PC" duration="00:00:00.0009672" startTime="2023-03-02T17:11:56.7570275+02:00" endTime="2023-03-02T17:11:56.7570276+02:00" testType="13cdc9d9-ddb5-4fa4-a97d-d965ccfc6d4b" outcome="Passed" testListId="8c84fa94-04c1-424b-9868-57a2d4851a1d" relativeResultsDirectory="18eb38aa-b0d3-4f18-b15a-678badb5a594" />
    <UnitTestResult executionId="f8df5adb-496b-45e4-a9b7-48854a44e8cc" testId="39d48197-b72d-a380-b4f2-2c7e45539069" testName="MovieRental.UnitTests.ServiceTests.MovieServiceTests.GetById_should_return_movie" computerName="SAPPHIRE-PC" duration="00:00:00.0054749" startTime="2023-03-02T17:11:56.8087530+02:00" endTime="2023-03-02T17:11:56.8087545+02:00" testType="13cdc9d9-ddb5-4fa4-a97d-d965ccfc6d4b" outcome="Passed" testListId="8c84fa94-04c1-424b-9868-57a2d4851a1d" relativeResultsDirectory="f8df5adb-496b-45e4-a9b7-48854a44e8cc" />
    <UnitTestResult executionId="15fb7b54-f5a7-4bf4-9d07-c8b78fd34fb1" testId="97100cdf-7e52-49c8-6df8-e9f1880c92ca" testName="MovieRental.UnitTests.ServiceTests.RentingMovieServiceTests.Save_should_survive_null_model" computerName="SAPPHIRE-PC" duration="00:00:00.0033635" startTime="2023-03-02T17:11:56.8047967+02:00" endTime="2023-03-02T17:11:56.8047971+02:00" testType="13cdc9d9-ddb5-4fa4-a97d-d965ccfc6d4b" outcome="Passed" testListId="8c84fa94-04c1-424b-9868-57a2d4851a1d" relativeResultsDirectory="15fb7b54-f5a7-4bf4-9d07-c8b78fd34fb1" />
    <UnitTestResult executionId="a3dd0350-c817-4cde-b251-0f0a0041e864" testId="6e00b8c2-f124-ee04-f141-11e51ae92b8d" testName="MovieRental.UnitTests.ControllerTests.RentingMoviesControllerTests.Details_returns_correct_result_when_rentingMovie_is_found" computerName="SAPPHIRE-PC" duration="00:00:00.0029908" startTime="2023-03-02T17:11:56.7777325+02:00" endTime="2023-03-02T17:11:56.7777330+02:00" testType="13cdc9d9-ddb5-4fa4-a97d-d965ccfc6d4b" outcome="Passed" testListId="8c84fa94-04c1-424b-9868-57a2d4851a1d" relativeResultsDirectory="a3dd0350-c817-4cde-b251-0f0a0041e864" />
    <UnitTestResult executionId="608e8d56-aeac-4ada-bf55-bf72429326be" testId="a470fcd4-6fd1-f0b1-c32d-8dc637e424d1" testName="MovieRental.UnitTests.ServiceTests.RentingMovieServiceTests.GetForEdit_should_return_rentingMovie" computerName="SAPPHIRE-PC" duration="00:00:00.0083405" startTime="2023-03-02T17:11:56.8606286+02:00" endTime="2023-03-02T17:11:56.8606301+02:00" testType="13cdc9d9-ddb5-4fa4-a97d-d965ccfc6d4b" outcome="Passed" testListId="8c84fa94-04c1-424b-9868-57a2d4851a1d" relativeResultsDirectory="608e8d56-aeac-4ada-bf55-bf72429326be" />
    <UnitTestResult executionId="dbdda030-dabc-4ffb-b643-54e307a70b96" testId="6e851790-46c9-5575-42bb-49401f15a638" testName="MovieRental.UnitTests.ControllerTests.RentingsControllerTests.Edit_should_return_notfound_when_ids_does_not_match" computerName="SAPPHIRE-PC" duration="00:00:00.0031249" startTime="2023-03-02T17:11:56.7544644+02:00" endTime="2023-03-02T17:11:56.7544647+02:00" testType="13cdc9d9-ddb5-4fa4-a97d-d965ccfc6d4b" outcome="Passed" testListId="8c84fa94-04c1-424b-9868-57a2d4851a1d" relativeResultsDirectory="dbdda030-dabc-4ffb-b643-54e307a70b96" />
    <UnitTestResult executionId="ae62d415-ecb9-4587-a9fd-80cb279e0d8e" testId="2a52476e-cc2a-0e02-d6f0-45385617bb13" testName="MovieRental.UnitTests.ControllerTests.ClientsControllerTests.Delete_should_show_confirmation_page" computerName="SAPPHIRE-PC" duration="00:00:00.0015690" startTime="2023-03-02T17:11:56.7782736+02:00" endTime="2023-03-02T17:11:56.7782741+02:00" testType="13cdc9d9-ddb5-4fa4-a97d-d965ccfc6d4b" outcome="Passed" testListId="8c84fa94-04c1-424b-9868-57a2d4851a1d" relativeResultsDirectory="ae62d415-ecb9-4587-a9fd-80cb279e0d8e" />
    <UnitTestResult executionId="794e9081-22f7-46f7-8be0-d1c1a73288ed" testId="64e107c2-9545-0cee-7e89-1de27126be19" testName="MovieRental.UnitTests.ServiceTests.RentingMovieServiceTests.Save_should_handle_missing_rentingMovie" computerName="SAPPHIRE-PC" duration="00:00:00.0057328" startTime="2023-03-02T17:11:56.8303915+02:00" endTime="2023-03-02T17:11:56.8303918+02:00" testType="13cdc9d9-ddb5-4fa4-a97d-d965ccfc6d4b" outcome="Passed" testListId="8c84fa94-04c1-424b-9868-57a2d4851a1d" relativeResultsDirectory="794e9081-22f7-46f7-8be0-d1c1a73288ed" />
    <UnitTestResult executionId="ba51f759-21fc-48b1-bdd6-f1bc3d41d41a" testId="ab5351b1-2e43-a6b9-a721-e255d21da22a" testName="MovieRental.UnitTests.ServiceTests.RentingMovieServiceTests.GetById_should_return_null_if_rentingMovie_was_not_found" computerName="SAPPHIRE-PC" duration="00:00:00.0039499" startTime="2023-03-02T17:11:56.8494881+02:00" endTime="2023-03-02T17:11:56.8494886+02:00" testType="13cdc9d9-ddb5-4fa4-a97d-d965ccfc6d4b" outcome="Passed" testListId="8c84fa94-04c1-424b-9868-57a2d4851a1d" relativeResultsDirectory="ba51f759-21fc-48b1-bdd6-f1bc3d41d41a" />
    <UnitTestResult executionId="b0d705cc-d743-4924-8466-5be97b53ede3" testId="386de667-6b07-30b7-6738-7c1f4f920273" testName="MovieRental.UnitTests.ServiceTests.RentingServiceTests.List_returns_paged_list_of_renting_models" computerName="SAPPHIRE-PC" duration="00:00:00.0109370" startTime="2023-03-02T17:11:56.8037975+02:00" endTime="2023-03-02T17:11:56.8037986+02:00" testType="13cdc9d9-ddb5-4fa4-a97d-d965ccfc6d4b" outcome="Passed" testListId="8c84fa94-04c1-424b-9868-57a2d4851a1d" relativeResultsDirectory="b0d705cc-d743-4924-8466-5be97b53ede3" />
    <UnitTestResult executionId="2d360c51-070c-4d56-a337-a10ad752e73f" testId="ea529ce8-db30-8843-88a0-636f66e9ca54" testName="MovieRental.UnitTests.ServiceTests.RentingServiceTests.Delete_deletes_renting" computerName="SAPPHIRE-PC" duration="00:00:00.0046946" startTime="2023-03-02T17:11:56.8500599+02:00" endTime="2023-03-02T17:11:56.8500602+02:00" testType="13cdc9d9-ddb5-4fa4-a97d-d965ccfc6d4b" outcome="Passed" testListId="8c84fa94-04c1-424b-9868-57a2d4851a1d" relativeResultsDirectory="2d360c51-070c-4d56-a337-a10ad752e73f" />
    <UnitTestResult executionId="77db371e-6f03-4eeb-82d5-3b479d42eecb" testId="45b690e1-0f6c-b6f6-2ddb-18b646c572e1" testName="MovieRental.UnitTests.ControllerTests.RentingMoviesControllerTests.Delete_should_show_confirmation_page" computerName="SAPPHIRE-PC" duration="00:00:00.0062787" startTime="2023-03-02T17:11:56.7570792+02:00" endTime="2023-03-02T17:11:56.7570793+02:00" testType="13cdc9d9-ddb5-4fa4-a97d-d965ccfc6d4b" outcome="Passed" testListId="8c84fa94-04c1-424b-9868-57a2d4851a1d" relativeResultsDirectory="77db371e-6f03-4eeb-82d5-3b479d42eecb" />
    <UnitTestResult executionId="0001ea5a-42ad-4efe-9de1-dfa8b184bb96" testId="10972a8d-769a-2464-9371-6e44e0213fe3" testName="MovieRental.UnitTests.ControllerTests.ClientsControllerTests.Details_returns_correct_result_when_client_is_found" computerName="SAPPHIRE-PC" duration="00:00:00.0835679" startTime="2023-03-02T17:11:56.7534645+02:00" endTime="2023-03-02T17:11:56.7534646+02:00" testType="13cdc9d9-ddb5-4fa4-a97d-d965ccfc6d4b" outcome="Passed" testListId="8c84fa94-04c1-424b-9868-57a2d4851a1d" relativeResultsDirectory="0001ea5a-42ad-4efe-9de1-dfa8b184bb96" />
    <UnitTestResult executionId="f468eeee-c1a6-4ce4-b08b-5521ee931ef4" testId="29292592-7a7b-a22d-3e12-4ddf8cb5200f" testName="MovieRental.UnitTests.ServiceTests.RentingServiceTests.Save_should_survive_null_model" computerName="SAPPHIRE-PC" duration="00:00:00.1277407" startTime="2023-03-02T17:11:56.7780921+02:00" endTime="2023-03-02T17:11:56.7780926+02:00" testType="13cdc9d9-ddb5-4fa4-a97d-d965ccfc6d4b" outcome="Passed" testListId="8c84fa94-04c1-424b-9868-57a2d4851a1d" relativeResultsDirectory="f468eeee-c1a6-4ce4-b08b-5521ee931ef4" />
    <UnitTestResult executionId="1c23a020-f005-409b-a1dd-fc476608d5fc" testId="2f0f5ee8-9e8d-9be9-9a3d-d4900a185197" testName="MovieRental.UnitTests.ControllerTests.RentingsControllerTests.Delete_should_return_not_found_when_renting_does_not_exist" computerName="SAPPHIRE-PC" duration="00:00:00.0015419" startTime="2023-03-02T17:11:56.7564829+02:00" endTime="2023-03-02T17:11:56.7564830+02:00" testType="13cdc9d9-ddb5-4fa4-a97d-d965ccfc6d4b" outcome="Passed" testListId="8c84fa94-04c1-424b-9868-57a2d4851a1d" relativeResultsDirectory="1c23a020-f005-409b-a1dd-fc476608d5fc" />
    <UnitTestResult executionId="6fe70e2b-27a4-4e57-bd78-4454a2ba6678" testId="df6ed68d-04f8-e9cc-4e87-edef837b8a28" testName="MovieRental.UnitTests.ServiceTests.RentingServiceTests.Save_should_handle_missing_renting" computerName="SAPPHIRE-PC" duration="00:00:00.0039682" startTime="2023-03-02T17:11:56.8114778+02:00" endTime="2023-03-02T17:11:56.8114786+02:00" testType="13cdc9d9-ddb5-4fa4-a97d-d965ccfc6d4b" outcome="Passed" testListId="8c84fa94-04c1-424b-9868-57a2d4851a1d" relativeResultsDirectory="6fe70e2b-27a4-4e57-bd78-4454a2ba6678" />
    <UnitTestResult executionId="eb3ffbcb-d7d8-40d9-8da9-04ae8dacd29d" testId="2d79f771-4e46-844e-199a-4838a2cd87c9" testName="MovieRental.UnitTests.ServiceTests.ClientServiceTests.Save_should_survive_null_model" computerName="SAPPHIRE-PC" duration="00:00:00.0071255" startTime="2023-03-02T17:11:56.8381186+02:00" endTime="2023-03-02T17:11:56.8381205+02:00" testType="13cdc9d9-ddb5-4fa4-a97d-d965ccfc6d4b" outcome="Passed" testListId="8c84fa94-04c1-424b-9868-57a2d4851a1d" relativeResultsDirectory="eb3ffbcb-d7d8-40d9-8da9-04ae8dacd29d" />
    <UnitTestResult executionId="9b0b94e8-93b3-408e-9b46-137527940432" testId="74badcbc-e55b-a3ba-ab55-a4f6201bd106" testName="MovieRental.UnitTests.ControllerTests.RentingsControllerTests.Details_returns_correct_result_when_renting_is_found" computerName="SAPPHIRE-PC" duration="00:00:00.0008082" startTime="2023-03-02T17:11:56.7565537+02:00" endTime="2023-03-02T17:11:56.7565538+02:00" testType="13cdc9d9-ddb5-4fa4-a97d-d965ccfc6d4b" outcome="Passed" testListId="8c84fa94-04c1-424b-9868-57a2d4851a1d" relativeResultsDirectory="9b0b94e8-93b3-408e-9b46-137527940432" />
    <UnitTestResult executionId="e3a05afe-2fc4-4753-904c-f84462320449" testId="421ce6f5-3348-d17a-cab9-849243ee6d64" testName="MovieRental.UnitTests.ControllerTests.MoviesControllerTests.Edit_should_save_movie_data" computerName="SAPPHIRE-PC" duration="00:00:00.0023552" startTime="2023-03-02T17:11:56.7561136+02:00" endTime="2023-03-02T17:11:56.7561137+02:00" testType="13cdc9d9-ddb5-4fa4-a97d-d965ccfc6d4b" outcome="Passed" testListId="8c84fa94-04c1-424b-9868-57a2d4851a1d" relativeResultsDirectory="e3a05afe-2fc4-4753-904c-f84462320449" />
    <UnitTestResult executionId="f8db518b-0791-45c3-b287-a653f7d8b3fc" testId="a2c0be10-d849-5994-7619-3660e89c30d5" testName="MovieRental.UnitTests.ServiceTests.RentingMovieServiceTests.Delete_deletes_rentingMovie" computerName="SAPPHIRE-PC" duration="00:00:00.0092590" startTime="2023-03-02T17:11:56.8013864+02:00" endTime="2023-03-02T17:11:56.8013881+02:00" testType="13cdc9d9-ddb5-4fa4-a97d-d965ccfc6d4b" outcome="Passed" testListId="8c84fa94-04c1-424b-9868-57a2d4851a1d" relativeResultsDirectory="f8db518b-0791-45c3-b287-a653f7d8b3fc" />
    <UnitTestResult executionId="9ff04fe9-71d4-45c1-acb8-f71cab94e3a0" testId="359a67d0-f6ab-9be1-31ca-5353b4cd5e22" testName="MovieRental.UnitTests.ServiceTests.RentingMovieServiceTests.Save_should_handle_missing_renting" computerName="SAPPHIRE-PC" duration="00:00:00.1353077" startTime="2023-03-02T17:11:56.7856749+02:00" endTime="2023-03-02T17:11:56.7856754+02:00" testType="13cdc9d9-ddb5-4fa4-a97d-d965ccfc6d4b" outcome="Passed" testListId="8c84fa94-04c1-424b-9868-57a2d4851a1d" relativeResultsDirectory="9ff04fe9-71d4-45c1-acb8-f71cab94e3a0" />
    <UnitTestResult executionId="9d56fd3b-9a81-42fa-bbfb-39b45cbe7d1c" testId="8d773acc-ccb9-81a8-27c3-c97532063f6b" testName="MovieRental.UnitTests.ControllerTests.RentingMoviesControllerTests.Details_should_return_not_found_if_id_is_null" computerName="SAPPHIRE-PC" duration="00:00:00.0010265" startTime="2023-03-02T17:11:56.7564487+02:00" endTime="2023-03-02T17:11:56.7564489+02:00" testType="13cdc9d9-ddb5-4fa4-a97d-d965ccfc6d4b" outcome="Passed" testListId="8c84fa94-04c1-424b-9868-57a2d4851a1d" relativeResultsDirectory="9d56fd3b-9a81-42fa-bbfb-39b45cbe7d1c" />
    <UnitTestResult executionId="3c9fa64e-c507-4e62-8ccd-15eb584791e8" testId="e19a4013-fc7f-69bd-0968-86b178e8db71" testName="MovieRental.UnitTests.ControllerTests.MoviesControllerTests.Edit_should_stay_on_form_when_model_is_invalid" computerName="SAPPHIRE-PC" duration="00:00:00.0038888" startTime="2023-03-02T17:11:56.7731843+02:00" endTime="2023-03-02T17:11:56.7731847+02:00" testType="13cdc9d9-ddb5-4fa4-a97d-d965ccfc6d4b" outcome="Passed" testListId="8c84fa94-04c1-424b-9868-57a2d4851a1d" relativeResultsDirectory="3c9fa64e-c507-4e62-8ccd-15eb584791e8" />
    <UnitTestResult executionId="3ea38ac0-d385-4c83-9e83-95cf13efe169" testId="fcc0de35-8758-68fe-8966-7d616a6362f0" testName="MovieRental.UnitTests.ControllerTests.ClientsControllerTests.Delete_should_return_not_found_when_client_does_not_exist" computerName="SAPPHIRE-PC" duration="00:00:00.0013134" startTime="2023-03-02T17:11:56.7560058+02:00" endTime="2023-03-02T17:11:56.7560059+02:00" testType="13cdc9d9-ddb5-4fa4-a97d-d965ccfc6d4b" outcome="Passed" testListId="8c84fa94-04c1-424b-9868-57a2d4851a1d" relativeResultsDirectory="3ea38ac0-d385-4c83-9e83-95cf13efe169" />
    <UnitTestResult executionId="aeec06d7-22a2-4d57-b1a0-b900a3306f8d" testId="098bc4a0-f068-a16c-e96b-8f1ffe24699a" testName="MovieRental.UnitTests.ControllerTests.RentingMoviesControllerTests.Delete_should_return_not_found_when_rentingMovie_does_not_exist" computerName="SAPPHIRE-PC" duration="00:00:00.0007433" startTime="2023-03-02T17:11:56.7665902+02:00" endTime="2023-03-02T17:11:56.7665907+02:00" testType="13cdc9d9-ddb5-4fa4-a97d-d965ccfc6d4b" outcome="Passed" testListId="8c84fa94-04c1-424b-9868-57a2d4851a1d" relativeResultsDirectory="aeec06d7-22a2-4d57-b1a0-b900a3306f8d" />
    <UnitTestResult executionId="94fbed16-175f-4b47-b7f4-df8d47b4d313" testId="32d112c5-d3cd-0711-8de5-ca1add55b11d" testName="MovieRental.UnitTests.ControllerTests.RentingMoviesControllerTests.Edit_should_save_rentingMovie_data" computerName="SAPPHIRE-PC" duration="00:00:00.0798384" startTime="2023-03-02T17:11:56.7530002+02:00" endTime="2023-03-02T17:11:56.7530010+02:00" testType="13cdc9d9-ddb5-4fa4-a97d-d965ccfc6d4b" outcome="Passed" testListId="8c84fa94-04c1-424b-9868-57a2d4851a1d" relativeResultsDirectory="94fbed16-175f-4b47-b7f4-df8d47b4d313" />
    <UnitTestResult executionId="85c26e44-c144-40d2-9527-60bcb86acce3" testId="fa43a377-3708-702c-c255-563cd59dab57" testName="MovieRental.UnitTests.ControllerTests.ClientsControllerTests.Index_should_survive_null_model" computerName="SAPPHIRE-PC" duration="00:00:00.0013670" startTime="2023-03-02T17:11:56.7666413+02:00" endTime="2023-03-02T17:11:56.7666414+02:00" testType="13cdc9d9-ddb5-4fa4-a97d-d965ccfc6d4b" outcome="Passed" testListId="8c84fa94-04c1-424b-9868-57a2d4851a1d" relativeResultsDirectory="85c26e44-c144-40d2-9527-60bcb86acce3" />
    <UnitTestResult executionId="5dc3641b-5a99-405e-a068-4840034e3653" testId="b0b56116-2be1-6902-62f1-0141048e8409" testName="MovieRental.UnitTests.ControllerTests.HomeControllerTests.Upload_should_save_file" computerName="SAPPHIRE-PC" duration="00:00:00.0831934" startTime="2023-03-02T17:11:56.7532109+02:00" endTime="2023-03-02T17:11:56.7532111+02:00" testType="13cdc9d9-ddb5-4fa4-a97d-d965ccfc6d4b" outcome="Passed" testListId="8c84fa94-04c1-424b-9868-57a2d4851a1d" relativeResultsDirectory="5dc3641b-5a99-405e-a068-4840034e3653" />
    <UnitTestResult executionId="2843d3ae-7c96-48fe-aecc-39ee4706a6f0" testId="a72eb24c-9b32-b058-2d80-e95d2e06d228" testName="MovieRental.UnitTests.ServiceTests.RentingServiceTests.GetForEdit_should_return_renting" computerName="SAPPHIRE-PC" duration="00:00:00.0061903" startTime="2023-03-02T17:11:56.8274685+02:00" endTime="2023-03-02T17:11:56.8274688+02:00" testType="13cdc9d9-ddb5-4fa4-a97d-d965ccfc6d4b" outcome="Passed" testListId="8c84fa94-04c1-424b-9868-57a2d4851a1d" relativeResultsDirectory="2843d3ae-7c96-48fe-aecc-39ee4706a6f0" />
    <UnitTestResult executionId="5db6dfe9-5621-4b25-843d-28ec95b9647e" testId="88cee752-33ae-862d-6a94-1e9ee4ac3f5d" testName="MovieRental.UnitTests.ControllerTests.MoviesControllerTests.Index_should_survive_null_model" computerName="SAPPHIRE-PC" duration="00:00:00.0011207" startTime="2023-03-02T17:11:56.7569677+02:00" endTime="2023-03-02T17:11:56.7569679+02:00" testType="13cdc9d9-ddb5-4fa4-a97d-d965ccfc6d4b" outcome="Passed" testListId="8c84fa94-04c1-424b-9868-57a2d4851a1d" relativeResultsDirectory="5db6dfe9-5621-4b25-843d-28ec95b9647e" />
    <UnitTestResult executionId="a5f14e55-71dd-48af-ba3b-9b62fac89492" testId="17946e7f-a448-7a63-fa52-2086b3dae105" testName="MovieRental.UnitTests.ServiceTests.ClientServiceTests.Delete_handles_null_client" computerName="SAPPHIRE-PC" duration="00:00:00.0038173" startTime="2023-03-02T17:11:56.8094346+02:00" endTime="2023-03-02T17:11:56.8094359+02:00" testType="13cdc9d9-ddb5-4fa4-a97d-d965ccfc6d4b" outcome="Passed" testListId="8c84fa94-04c1-424b-9868-57a2d4851a1d" relativeResultsDirectory="a5f14e55-71dd-48af-ba3b-9b62fac89492" />
    <UnitTestResult executionId="1e03ce62-4ba1-4d65-bd66-77c1ef2e6d69" testId="0088ce69-1edf-defd-f619-ad5e5c1556a8" testName="MovieRental.UnitTests.ControllerTests.RentingsControllerTests.Index_should_return_default_view" computerName="SAPPHIRE-PC" duration="00:00:00.0047007" startTime="2023-03-02T17:11:56.7785032+02:00" endTime="2023-03-02T17:11:56.7785039+02:00" testType="13cdc9d9-ddb5-4fa4-a97d-d965ccfc6d4b" outcome="Passed" testListId="8c84fa94-04c1-424b-9868-57a2d4851a1d" relativeResultsDirectory="1e03ce62-4ba1-4d65-bd66-77c1ef2e6d69" />
    <UnitTestResult executionId="73d6aafc-73e6-49f6-8e94-beaf256a646b" testId="490ddea9-01d7-6732-4c55-48d4850c86f4" testName="MovieRental.UnitTests.ControllerTests.RentingMoviesControllerTests.Index_should_survive_null_model" computerName="SAPPHIRE-PC" duration="00:00:00.0038183" startTime="2023-03-02T17:11:56.7701336+02:00" endTime="2023-03-02T17:11:56.7701337+02:00" testType="13cdc9d9-ddb5-4fa4-a97d-d965ccfc6d4b" outcome="Passed" testListId="8c84fa94-04c1-424b-9868-57a2d4851a1d" relativeResultsDirectory="73d6aafc-73e6-49f6-8e94-beaf256a646b" />
    <UnitTestResult executionId="29d7ad52-0baa-4e6c-a75e-3f8e39cf4031" testId="fcae41e9-ac83-d85d-8cb9-2141711056a9" testName="MovieRental.UnitTests.ControllerTests.RentingMoviesControllerTests.Index_should_return_list_of_rentingMovies" computerName="SAPPHIRE-PC" duration="00:00:00.0036816" startTime="2023-03-02T17:11:56.7738305+02:00" endTime="2023-03-02T17:11:56.7738308+02:00" testType="13cdc9d9-ddb5-4fa4-a97d-d965ccfc6d4b" outcome="Passed" testListId="8c84fa94-04c1-424b-9868-57a2d4851a1d" relativeResultsDirectory="29d7ad52-0baa-4e6c-a75e-3f8e39cf4031" />
    <UnitTestResult executionId="3ded5721-2383-4999-893e-047052af36d0" testId="4405cf10-ef90-df58-0635-00412af83cd9" testName="MovieRental.UnitTests.ControllerTests.MoviesControllerTests.Index_should_return_default_view" computerName="SAPPHIRE-PC" duration="00:00:00.0832365" startTime="2023-03-02T17:11:56.7533623+02:00" endTime="2023-03-02T17:11:56.7533627+02:00" testType="13cdc9d9-ddb5-4fa4-a97d-d965ccfc6d4b" outcome="Passed" testListId="8c84fa94-04c1-424b-9868-57a2d4851a1d" relativeResultsDirectory="3ded5721-2383-4999-893e-047052af36d0" />
    <UnitTestResult executionId="b9226b4e-8014-46c5-aec6-b29ce5f2867b" testId="433a3ca6-f60c-b405-e2ef-dea06907a942" testName="MovieRental.UnitTests.ServiceTests.MovieServiceTests.GetForEdit_should_return_movie" computerName="SAPPHIRE-PC" duration="00:00:00.0088270" startTime="2023-03-02T17:11:56.8032253+02:00" endTime="2023-03-02T17:11:56.8032263+02:00" testType="13cdc9d9-ddb5-4fa4-a97d-d965ccfc6d4b" outcome="Passed" testListId="8c84fa94-04c1-424b-9868-57a2d4851a1d" relativeResultsDirectory="b9226b4e-8014-46c5-aec6-b29ce5f2867b" />
    <UnitTestResult executionId="9de1d1b6-b157-49ee-8741-3e28e4fc537a" testId="1b331e92-edea-2c2f-37e3-41c7d3f65915" testName="MovieRental.UnitTests.ServiceTests.MovieServiceTests.List_returns_paged_list_of_movie_models" computerName="SAPPHIRE-PC" duration="00:00:00.0088340" startTime="2023-03-02T17:11:56.7943356+02:00" endTime="2023-03-02T17:11:56.7943362+02:00" testType="13cdc9d9-ddb5-4fa4-a97d-d965ccfc6d4b" outcome="Passed" testListId="8c84fa94-04c1-424b-9868-57a2d4851a1d" relativeResultsDirectory="9de1d1b6-b157-49ee-8741-3e28e4fc537a" />
    <UnitTestResult executionId="7c0232ef-1c5c-41f8-8491-e5c4e150206b" testId="1fe545be-585a-8a56-df5a-dc0c92908d49" testName="MovieRental.UnitTests.ServiceTests.MovieServiceTests.Delete_deletes_movie" computerName="SAPPHIRE-PC" duration="00:00:00.0077745" startTime="2023-03-02T17:11:56.8414541+02:00" endTime="2023-03-02T17:11:56.8414552+02:00" testType="13cdc9d9-ddb5-4fa4-a97d-d965ccfc6d4b" outcome="Passed" testListId="8c84fa94-04c1-424b-9868-57a2d4851a1d" relativeResultsDirectory="7c0232ef-1c5c-41f8-8491-e5c4e150206b" />
    <UnitTestResult executionId="41237b26-1cc0-4ea9-9cdd-f8ea69b36a7a" testId="10a58d89-93fe-95bf-9e99-b56e7be915eb" testName="MovieRental.UnitTests.ControllerTests.MoviesControllerTests.Index_should_return_list_of_movies" computerName="SAPPHIRE-PC" duration="00:00:00.0012655" startTime="2023-03-02T17:11:56.7570536+02:00" endTime="2023-03-02T17:11:56.7570537+02:00" testType="13cdc9d9-ddb5-4fa4-a97d-d965ccfc6d4b" outcome="Passed" testListId="8c84fa94-04c1-424b-9868-57a2d4851a1d" relativeResultsDirectory="41237b26-1cc0-4ea9-9cdd-f8ea69b36a7a" />
    <UnitTestResult executionId="f549bcf2-02a5-43c1-ad40-cd4f160bdd6c" testId="90016e40-576c-2e4e-3ec6-68f7433a4670" testName="MovieRental.UnitTests.ServiceTests.RentingMovieServiceTests.Save_should_handle_missing_movie" computerName="SAPPHIRE-PC" duration="00:00:00.0067758" startTime="2023-03-02T17:11:56.8454820+02:00" endTime="2023-03-02T17:11:56.8454823+02:00" testType="13cdc9d9-ddb5-4fa4-a97d-d965ccfc6d4b" outcome="Passed" testListId="8c84fa94-04c1-424b-9868-57a2d4851a1d" relativeResultsDirectory="f549bcf2-02a5-43c1-ad40-cd4f160bdd6c" />
    <UnitTestResult executionId="ad481c8d-bbfb-4963-9a7b-bee922eaab00" testId="6f6c818d-cc91-8727-c6e3-a8a1244a823d" testName="MovieRental.UnitTests.ServiceTests.RentingMovieServiceTests.Delete_handles_null_rentingMovie" computerName="SAPPHIRE-PC" duration="00:00:00.0082092" startTime="2023-03-02T17:11:56.8386564+02:00" endTime="2023-03-02T17:11:56.8386569+02:00" testType="13cdc9d9-ddb5-4fa4-a97d-d965ccfc6d4b" outcome="Passed" testListId="8c84fa94-04c1-424b-9868-57a2d4851a1d" relativeResultsDirectory="ad481c8d-bbfb-4963-9a7b-bee922eaab00" />
    <UnitTestResult executionId="4464e1e8-15a7-4dd3-936e-672d2c4c913c" testId="a3c3e008-a9cf-4a65-ca32-dd199b3cb740" testName="MovieRental.UnitTests.ControllerTests.ClientsControllerTests.DeleteConfirmed_should_return_not_found_if_client_is_null" computerName="SAPPHIRE-PC" duration="00:00:00.0035529" startTime="2023-03-02T17:11:56.7766680+02:00" endTime="2023-03-02T17:11:56.7766693+02:00" testType="13cdc9d9-ddb5-4fa4-a97d-d965ccfc6d4b" outcome="Passed" testListId="8c84fa94-04c1-424b-9868-57a2d4851a1d" relativeResultsDirectory="4464e1e8-15a7-4dd3-936e-672d2c4c913c" />
    <UnitTestResult executionId="29093e2e-e054-402e-90c9-a6a730e0e7b2" testId="1e4b92b5-655e-a9ec-9ec1-cc1e0acaad50" testName="MovieRental.UnitTests.ControllerTests.RentingsControllerTests.Edit_should_save_renting_data" computerName="SAPPHIRE-PC" duration="00:00:00.0089359" startTime="2023-03-02T17:11:56.7531931+02:00" endTime="2023-03-02T17:11:56.7531935+02:00" testType="13cdc9d9-ddb5-4fa4-a97d-d965ccfc6d4b" outcome="Passed" testListId="8c84fa94-04c1-424b-9868-57a2d4851a1d" relativeResultsDirectory="29093e2e-e054-402e-90c9-a6a730e0e7b2" />
    <UnitTestResult executionId="0920a898-24f3-4dde-a058-e3e82dfbfcec" testId="0ff01d72-d9c8-5a41-11d9-2690958afa50" testName="MovieRental.UnitTests.ServiceTests.RentingServiceTests.Delete_handles_null_renting" computerName="SAPPHIRE-PC" duration="00:00:00.0065616" startTime="2023-03-02T17:11:56.8386745+02:00" endTime="2023-03-02T17:11:56.8386746+02:00" testType="13cdc9d9-ddb5-4fa4-a97d-d965ccfc6d4b" outcome="Passed" testListId="8c84fa94-04c1-424b-9868-57a2d4851a1d" relativeResultsDirectory="0920a898-24f3-4dde-a058-e3e82dfbfcec" />
    <UnitTestResult executionId="4f75cfda-9815-458f-a6c8-513ae7d9abae" testId="7d2b2b5a-afe0-c6e1-79ca-f658b0fcac7e" testName="MovieRental.UnitTests.ControllerTests.RentingMoviesControllerTests.DeleteConfirmed_should_delete_rentingMovie" computerName="SAPPHIRE-PC" duration="00:00:00.0059518" startTime="2023-03-02T17:11:56.7667720+02:00" endTime="2023-03-02T17:11:56.7667722+02:00" testType="13cdc9d9-ddb5-4fa4-a97d-d965ccfc6d4b" outcome="Passed" testListId="8c84fa94-04c1-424b-9868-57a2d4851a1d" relativeResultsDirectory="4f75cfda-9815-458f-a6c8-513ae7d9abae" />
    <UnitTestResult executionId="60206dbf-e4c1-414c-bb61-c1d7f3c23761" testId="f824c2ce-542f-56fe-ec64-3038fedcd405" testName="MovieRental.UnitTests.ServiceTests.RentingServiceTests.Save_should_save_valid_renting" computerName="SAPPHIRE-PC" duration="00:00:00.0066032" startTime="2023-03-02T17:11:56.8453159+02:00" endTime="2023-03-02T17:11:56.8453177+02:00" testType="13cdc9d9-ddb5-4fa4-a97d-d965ccfc6d4b" outcome="Passed" testListId="8c84fa94-04c1-424b-9868-57a2d4851a1d" relativeResultsDirectory="60206dbf-e4c1-414c-bb61-c1d7f3c23761" />
    <UnitTestResult executionId="f3ca3c01-3452-4e3b-9617-4e39344df924" testId="04171180-ecd4-8c49-c57e-8bfa1dda5c50" testName="MovieRental.UnitTests.ServiceTests.RentingMovieServiceTests.List_returns_paged_list_of_rentingMovie_models" computerName="SAPPHIRE-PC" duration="00:00:00.0133688" startTime="2023-03-02T17:11:56.8246107+02:00" endTime="2023-03-02T17:11:56.8246118+02:00" testType="13cdc9d9-ddb5-4fa4-a97d-d965ccfc6d4b" outcome="Passed" testListId="8c84fa94-04c1-424b-9868-57a2d4851a1d" relativeResultsDirectory="f3ca3c01-3452-4e3b-9617-4e39344df924" />
    <UnitTestResult executionId="11a2d4f5-e037-489d-89e4-fd3a2cf40728" testId="c34c32b8-8c93-534d-b7b4-167144172ec8" testName="MovieRental.UnitTests.ServiceTests.ClientServiceTests.GetById_should_return_client" computerName="SAPPHIRE-PC" duration="00:00:00.0083021" startTime="2023-03-02T17:11:56.8464727+02:00" endTime="2023-03-02T17:11:56.8464731+02:00" testType="13cdc9d9-ddb5-4fa4-a97d-d965ccfc6d4b" outcome="Passed" testListId="8c84fa94-04c1-424b-9868-57a2d4851a1d" relativeResultsDirectory="11a2d4f5-e037-489d-89e4-fd3a2cf40728" />
    <UnitTestResult executionId="2df051a7-b87f-4dab-9ac7-07a94c930e4e" testId="5b456f8f-5e95-dc99-1d9b-428bbe7b848b" testName="MovieRental.UnitTests.ControllerTests.MoviesControllerTests.Details_should_return_not_found_if_id_is_null" computerName="SAPPHIRE-PC" duration="00:00:00.0007337" startTime="2023-03-02T17:11:56.7565110+02:00" endTime="2023-03-02T17:11:56.7565112+02:00" testType="13cdc9d9-ddb5-4fa4-a97d-d965ccfc6d4b" outcome="Passed" testListId="8c84fa94-04c1-424b-9868-57a2d4851a1d" relativeResultsDirectory="2df051a7-b87f-4dab-9ac7-07a94c930e4e" />
    <UnitTestResult executionId="0e3e3d0a-57e6-46fa-b3aa-408a67aeb05a" testId="62ca6a22-e039-79ec-32b5-935281bad30e" testName="MovieRental.UnitTests.ControllerTests.ClientsControllerTests.DeleteConfirmed_should_delete_client" computerName="SAPPHIRE-PC" duration="00:00:00.0032992" startTime="2023-03-02T17:11:56.7566077+02:00" endTime="2023-03-02T17:11:56.7566080+02:00" testType="13cdc9d9-ddb5-4fa4-a97d-d965ccfc6d4b" outcome="Passed" testListId="8c84fa94-04c1-424b-9868-57a2d4851a1d" relativeResultsDirectory="0e3e3d0a-57e6-46fa-b3aa-408a67aeb05a" />
    <UnitTestResult executionId="6a5b4825-c7f4-4e40-8fe1-36b8e134a2dc" testId="dcce0a43-f569-15d6-d780-04a7959ad645" testName="MovieRental.UnitTests.ControllerTests.RentingMoviesControllerTests.Edit_should_stay_on_form_when_model_is_invalid" computerName="SAPPHIRE-PC" duration="00:00:00.0006186" startTime="2023-03-02T17:11:56.7574565+02:00" endTime="2023-03-02T17:11:56.7574567+02:00" testType="13cdc9d9-ddb5-4fa4-a97d-d965ccfc6d4b" outcome="Passed" testListId="8c84fa94-04c1-424b-9868-57a2d4851a1d" relativeResultsDirectory="6a5b4825-c7f4-4e40-8fe1-36b8e134a2dc" />
    <UnitTestResult executionId="0bcb2469-6e36-405f-8fe7-1360322cf0b8" testId="148ff5bf-95a5-60ce-8819-a4815a3e33fd" testName="MovieRental.UnitTests.ControllerTests.MoviesControllerTests.Details_should_return_not_found_if_movie_is_null" computerName="SAPPHIRE-PC" duration="00:00:00.0033730" startTime="2023-03-02T17:11:56.7767002+02:00" endTime="2023-03-02T17:11:56.7767005+02:00" testType="13cdc9d9-ddb5-4fa4-a97d-d965ccfc6d4b" outcome="Passed" testListId="8c84fa94-04c1-424b-9868-57a2d4851a1d" relativeResultsDirectory="0bcb2469-6e36-405f-8fe7-1360322cf0b8" />
    <UnitTestResult executionId="c63c350b-685e-491c-93b5-dab825148a9e" testId="7ac33f00-73c5-9881-0bb3-2a00a52748c3" testName="MovieRental.UnitTests.ServiceTests.RentingServiceTests.GetById_should_return_null_if_renting_was_not_found" computerName="SAPPHIRE-PC" duration="00:00:00.0036113" startTime="2023-03-02T17:11:56.8074544+02:00" endTime="2023-03-02T17:11:56.8074552+02:00" testType="13cdc9d9-ddb5-4fa4-a97d-d965ccfc6d4b" outcome="Passed" testListId="8c84fa94-04c1-424b-9868-57a2d4851a1d" relativeResultsDirectory="c63c350b-685e-491c-93b5-dab825148a9e" />
    <UnitTestResult executionId="af41d764-871e-4863-bdea-96ea6a4725ce" testId="64cdd494-030d-809a-a441-3d71d4a66f45" testName="MovieRental.UnitTests.ControllerTests.RentingsControllerTests.Edit_should_return_badresult_when_model_is_null" computerName="SAPPHIRE-PC" duration="00:00:00.0004308" startTime="2023-03-02T17:11:56.7541944+02:00" endTime="2023-03-02T17:11:56.7541948+02:00" testType="13cdc9d9-ddb5-4fa4-a97d-d965ccfc6d4b" outcome="Passed" testListId="8c84fa94-04c1-424b-9868-57a2d4851a1d" relativeResultsDirectory="af41d764-871e-4863-bdea-96ea6a4725ce" />
    <UnitTestResult executionId="46656e45-e307-459e-8d7d-e7dd4694ad5f" testId="40186538-0ff7-8ce8-0a4f-007632d55a3e" testName="MovieRental.UnitTests.ControllerTests.RentingMoviesControllerTests.Index_should_return_default_view" computerName="SAPPHIRE-PC" duration="00:00:00.0021796" startTime="2023-03-02T17:11:56.7543427+02:00" endTime="2023-03-02T17:11:56.7543430+02:00" testType="13cdc9d9-ddb5-4fa4-a97d-d965ccfc6d4b" outcome="Passed" testListId="8c84fa94-04c1-424b-9868-57a2d4851a1d" relativeResultsDirectory="46656e45-e307-459e-8d7d-e7dd4694ad5f" />
    <UnitTestResult executionId="2609df14-8823-4d01-8d70-e2623e32111d" testId="7e9788c9-4cf3-a03b-d537-4c13a9240968" testName="MovieRental.UnitTests.ControllerTests.MoviesControllerTests.Delete_should_return_not_found_if_id_is_null" computerName="SAPPHIRE-PC" duration="00:00:00.0005295" startTime="2023-03-02T17:11:56.7777923+02:00" endTime="2023-03-02T17:11:56.7777925+02:00" testType="13cdc9d9-ddb5-4fa4-a97d-d965ccfc6d4b" outcome="Passed" testListId="8c84fa94-04c1-424b-9868-57a2d4851a1d" relativeResultsDirectory="2609df14-8823-4d01-8d70-e2623e32111d" />
    <UnitTestResult executionId="7132ff87-71b0-48a5-a5f9-83369f71da7a" testId="24d29039-ee87-0459-b1ba-08e86ceb9b48" testName="MovieRental.UnitTests.ServiceTests.ClientServiceTests.Delete_should_survive_null_model" computerName="SAPPHIRE-PC" duration="00:00:00.0058549" startTime="2023-03-02T17:11:56.7848772+02:00" endTime="2023-03-02T17:11:56.7848784+02:00" testType="13cdc9d9-ddb5-4fa4-a97d-d965ccfc6d4b" outcome="Passed" testListId="8c84fa94-04c1-424b-9868-57a2d4851a1d" relativeResultsDirectory="7132ff87-71b0-48a5-a5f9-83369f71da7a" />
    <UnitTestResult executionId="2948e3ed-c481-40f5-a272-84ce2853fbea" testId="87f1bfec-738c-fde3-3ec7-ac41f71b1199" testName="MovieRental.UnitTests.ControllerTests.MoviesControllerTests.DeleteConfirmed_should_return_not_found_if_movie_is_null" computerName="SAPPHIRE-PC" duration="00:00:00.0040748" startTime="2023-03-02T17:11:56.7672380+02:00" endTime="2023-03-02T17:11:56.7672381+02:00" testType="13cdc9d9-ddb5-4fa4-a97d-d965ccfc6d4b" outcome="Passed" testListId="8c84fa94-04c1-424b-9868-57a2d4851a1d" relativeResultsDirectory="2948e3ed-c481-40f5-a272-84ce2853fbea" />
    <UnitTestResult executionId="e1894483-b5df-4946-8bed-d6acee803231" testId="9ef8288a-0015-7aca-def8-53b0f513f0f1" testName="MovieRental.UnitTests.ControllerTests.RentingMoviesControllerTests.Details_should_return_not_found_if_rentingMovie_is_null" computerName="SAPPHIRE-PC" duration="00:00:00.0007279" startTime="2023-03-02T17:11:56.7575405+02:00" endTime="2023-03-02T17:11:56.7575406+02:00" testType="13cdc9d9-ddb5-4fa4-a97d-d965ccfc6d4b" outcome="Passed" testListId="8c84fa94-04c1-424b-9868-57a2d4851a1d" relativeResultsDirectory="e1894483-b5df-4946-8bed-d6acee803231" />
    <UnitTestResult executionId="fabee453-63d7-4b39-b048-573fbaa6a2f3" testId="89cc663b-150d-ad39-5b65-6592e121f349" testName="MovieRental.UnitTests.ServiceTests.MovieServiceTests.GetForEdit_should_return_null_if_movie_was_not_found" computerName="SAPPHIRE-PC" duration="00:00:00.0034496" startTime="2023-03-02T17:11:56.8301892+02:00" endTime="2023-03-02T17:11:56.8301901+02:00" testType="13cdc9d9-ddb5-4fa4-a97d-d965ccfc6d4b" outcome="Passed" testListId="8c84fa94-04c1-424b-9868-57a2d4851a1d" relativeResultsDirectory="fabee453-63d7-4b39-b048-573fbaa6a2f3" />
    <UnitTestResult executionId="d7503463-f2c1-4b63-8513-aa341605d67d" testId="f124a491-bc0d-bf71-797e-bbde387458d1" testName="MovieRental.UnitTests.ControllerTests.MoviesControllerTests.DeleteConfirmed_should_delete_movie" computerName="SAPPHIRE-PC" duration="00:00:00.0024292" startTime="2023-03-02T17:11:56.7574846+02:00" endTime="2023-03-02T17:11:56.7574848+02:00" testType="13cdc9d9-ddb5-4fa4-a97d-d965ccfc6d4b" outcome="Passed" testListId="8c84fa94-04c1-424b-9868-57a2d4851a1d" relativeResultsDirectory="d7503463-f2c1-4b63-8513-aa341605d67d" />
    <UnitTestResult executionId="8ba38d1c-a1cf-4206-a503-7a70098ffaff" testId="2a741223-0295-1e6f-80d4-5b6dbcd5691f" testName="MovieRental.UnitTests.ServiceTests.MovieServiceTests.Save_should_save_valid_movie" computerName="SAPPHIRE-PC" duration="00:00:00.0055736" startTime="2023-03-02T17:11:56.8266965+02:00" endTime="2023-03-02T17:11:56.8266970+02:00" testType="13cdc9d9-ddb5-4fa4-a97d-d965ccfc6d4b" outcome="Passed" testListId="8c84fa94-04c1-424b-9868-57a2d4851a1d" relativeResultsDirectory="8ba38d1c-a1cf-4206-a503-7a70098ffaff" />
    <UnitTestResult executionId="ac86ef74-725d-4088-a010-42c1b173cd1b" testId="e531d1a4-4f44-dea8-177d-a90fd07ca12e" testName="MovieRental.UnitTests.ServiceTests.MovieServiceTests.Save_should_survive_null_model" computerName="SAPPHIRE-PC" duration="00:00:00.0031973" startTime="2023-03-02T17:11:56.8120115+02:00" endTime="2023-03-02T17:11:56.8120123+02:00" testType="13cdc9d9-ddb5-4fa4-a97d-d965ccfc6d4b" outcome="Passed" testListId="8c84fa94-04c1-424b-9868-57a2d4851a1d" relativeResultsDirectory="ac86ef74-725d-4088-a010-42c1b173cd1b" />
    <UnitTestResult executionId="f811d353-bf5f-41b1-b282-95ccdb6a9003" testId="d6f18b2f-792f-dcfd-557b-b856e56eb0b4" testName="MovieRental.UnitTests.ControllerTests.ClientsControllerTests.Edit_should_return_badresult_when_model_is_null" computerName="SAPPHIRE-PC" duration="00:00:00.0028636" startTime="2023-03-02T17:11:56.7730128+02:00" endTime="2023-03-02T17:11:56.7730135+02:00" testType="13cdc9d9-ddb5-4fa4-a97d-d965ccfc6d4b" outcome="Passed" testListId="8c84fa94-04c1-424b-9868-57a2d4851a1d" relativeResultsDirectory="f811d353-bf5f-41b1-b282-95ccdb6a9003" />
    <UnitTestResult executionId="809d1c9d-6690-4333-8e7c-c4f11209d088" testId="5b15de16-b4d0-e96f-eda5-aa63a51243b0" testName="MovieRental.UnitTests.ControllerTests.HomeControllerTests.Upload_should_survive_null_collection" computerName="SAPPHIRE-PC" duration="00:00:00.0003245" startTime="2023-03-02T17:11:56.7534370+02:00" endTime="2023-03-02T17:11:56.7534373+02:00" testType="13cdc9d9-ddb5-4fa4-a97d-d965ccfc6d4b" outcome="Passed" testListId="8c84fa94-04c1-424b-9868-57a2d4851a1d" relativeResultsDirectory="809d1c9d-6690-4333-8e7c-c4f11209d088" />
    <UnitTestResult executionId="a58b1f52-03ea-420a-8c62-7e45790264f5" testId="4acf50fe-2249-220a-c9be-4fc5c6d92a32" testName="MovieRental.UnitTests.ControllerTests.RentingsControllerTests.Details_should_return_not_found_if_id_is_null" computerName="SAPPHIRE-PC" duration="00:00:00.0705119" startTime="2023-03-02T17:11:56.7251662+02:00" endTime="2023-03-02T17:11:56.7252263+02:00" testType="13cdc9d9-ddb5-4fa4-a97d-d965ccfc6d4b" outcome="Passed" testListId="8c84fa94-04c1-424b-9868-57a2d4851a1d" relativeResultsDirectory="a58b1f52-03ea-420a-8c62-7e45790264f5" />
    <UnitTestResult executionId="1af8c559-d8a3-40fe-bcb1-cae642113252" testId="6de27816-7c90-3abe-fc0c-c0620d87b1b0" testName="MovieRental.UnitTests.ControllerTests.RentingsControllerTests.Index_should_survive_null_model" computerName="SAPPHIRE-PC" duration="00:00:00.0025159" startTime="2023-03-02T17:11:56.7569995+02:00" endTime="2023-03-02T17:11:56.7569996+02:00" testType="13cdc9d9-ddb5-4fa4-a97d-d965ccfc6d4b" outcome="Passed" testListId="8c84fa94-04c1-424b-9868-57a2d4851a1d" relativeResultsDirectory="1af8c559-d8a3-40fe-bcb1-cae642113252" />
    <UnitTestResult executionId="2c9702e4-1929-4a7c-9626-3942a74d0048" testId="10932558-4b31-8d82-8e0f-907b04563ac4" testName="MovieRental.UnitTests.ControllerTests.RentingsControllerTests.Edit_should_stay_on_form_when_model_is_invalid" computerName="SAPPHIRE-PC" duration="00:00:00.0009776" startTime="2023-03-02T17:11:56.7559750+02:00" endTime="2023-03-02T17:11:56.7559753+02:00" testType="13cdc9d9-ddb5-4fa4-a97d-d965ccfc6d4b" outcome="Passed" testListId="8c84fa94-04c1-424b-9868-57a2d4851a1d" relativeResultsDirectory="2c9702e4-1929-4a7c-9626-3942a74d0048" />
  </Results>
  <TestDefinitions>
    <UnitTest name="MovieRental.UnitTests.ServiceTests.RentingMovieServiceTests.GetById_should_return_null_if_rentingMovie_was_not_found" storage="c:\users\grex\desktop\movierental-master\movierental.unittests\bin\debug\net5.0\movierental.unittests.dll" id="ab5351b1-2e43-a6b9-a721-e255d21da22a">
      <Execution id="ba51f759-21fc-48b1-bdd6-f1bc3d41d41a" />
      <TestMethod codeBase="C:\Users\GreX\Desktop\MovieRental-master\MovieRental.UnitTests\bin\Debug\net5.0\MovieRental.UnitTests.dll" adapterTypeName="executor://xunit/VsTestRunner2/netcoreapp" className="MovieRental.UnitTests.ServiceTests.RentingMovieServiceTests" name="GetById_should_return_null_if_rentingMovie_was_not_found" />
    </UnitTest>
    <UnitTest name="MovieRental.UnitTests.ControllerTests.RentingsControllerTests.Delete_should_return_not_found_if_id_is_null" storage="c:\users\grex\desktop\movierental-master\movierental.unittests\bin\debug\net5.0\movierental.unittests.dll" id="cbe49032-db46-fa95-05ff-1c5f0291a96f">
      <Execution id="eebe35c0-92c8-4b6a-ab03-d428b082c4b8" />
      <TestMethod codeBase="C:\Users\GreX\Desktop\MovieRental-master\MovieRental.UnitTests\bin\Debug\net5.0\MovieRental.UnitTests.dll" adapterTypeName="executor://xunit/VsTestRunner2/netcoreapp" className="MovieRental.UnitTests.ControllerTests.RentingsControllerTests" name="Delete_should_return_not_found_if_id_is_null" />
    </UnitTest>
    <UnitTest name="MovieRental.UnitTests.ServiceTests.RentingServiceTests.GetForEdit_should_return_null_if_renting_was_not_found" storage="c:\users\grex\desktop\movierental-master\movierental.unittests\bin\debug\net5.0\movierental.unittests.dll" id="5eb7c0a0-3d47-be3f-c16c-2dba46644f8b">
      <Execution id="3646f1d7-99bb-463c-88a4-ae4afd05c388" />
      <TestMethod codeBase="C:\Users\GreX\Desktop\MovieRental-master\MovieRental.UnitTests\bin\Debug\net5.0\MovieRental.UnitTests.dll" adapterTypeName="executor://xunit/VsTestRunner2/netcoreapp" className="MovieRental.UnitTests.ServiceTests.RentingServiceTests" name="GetForEdit_should_return_null_if_renting_was_not_found" />
    </UnitTest>
    <UnitTest name="MovieRental.UnitTests.ServiceTests.MovieServiceTests.Delete_should_survive_null_model" storage="c:\users\grex\desktop\movierental-master\movierental.unittests\bin\debug\net5.0\movierental.unittests.dll" id="c6ff314e-939a-a6eb-4d52-140224b6b8a6">
      <Execution id="435b97bc-0169-40c8-a990-2927c388c05b" />
      <TestMethod codeBase="C:\Users\GreX\Desktop\MovieRental-master\MovieRental.UnitTests\bin\Debug\net5.0\MovieRental.UnitTests.dll" adapterTypeName="executor://xunit/VsTestRunner2/netcoreapp" className="MovieRental.UnitTests.ServiceTests.MovieServiceTests" name="Delete_should_survive_null_model" />
    </UnitTest>
    <UnitTest name="MovieRental.UnitTests.ControllerTests.RentingMoviesControllerTests.Edit_should_save_rentingMovie_data" storage="c:\users\grex\desktop\movierental-master\movierental.unittests\bin\debug\net5.0\movierental.unittests.dll" id="32d112c5-d3cd-0711-8de5-ca1add55b11d">
      <Execution id="94fbed16-175f-4b47-b7f4-df8d47b4d313" />
      <TestMethod codeBase="C:\Users\GreX\Desktop\MovieRental-master\MovieRental.UnitTests\bin\Debug\net5.0\MovieRental.UnitTests.dll" adapterTypeName="executor://xunit/VsTestRunner2/netcoreapp" className="MovieRental.UnitTests.ControllerTests.RentingMoviesControllerTests" name="Edit_should_save_rentingMovie_data" />
    </UnitTest>
    <UnitTest name="MovieRental.UnitTests.ControllerTests.ClientsControllerTests.Details_should_return_not_found_if_client_is_null" storage="c:\users\grex\desktop\movierental-master\movierental.unittests\bin\debug\net5.0\movierental.unittests.dll" id="dbd08c20-ff59-3161-cec5-52265c8f6f5c">
      <Execution id="18eb38aa-b0d3-4f18-b15a-678badb5a594" />
      <TestMethod codeBase="C:\Users\GreX\Desktop\MovieRental-master\MovieRental.UnitTests\bin\Debug\net5.0\MovieRental.UnitTests.dll" adapterTypeName="executor://xunit/VsTestRunner2/netcoreapp" className="MovieRental.UnitTests.ControllerTests.ClientsControllerTests" name="Details_should_return_not_found_if_client_is_null" />
    </UnitTest>
    <UnitTest name="MovieRental.UnitTests.ServiceTests.ClientServiceTests.List_returns_paged_list_of_client_models" storage="c:\users\grex\desktop\movierental-master\movierental.unittests\bin\debug\net5.0\movierental.unittests.dll" id="dd16f71e-f4b6-9246-c543-bdd954a41814">
      <Execution id="965ecfb4-4a22-4d1b-9a27-a3dc95d9b65e" />
      <TestMethod codeBase="C:\Users\GreX\Desktop\MovieRental-master\MovieRental.UnitTests\bin\Debug\net5.0\MovieRental.UnitTests.dll" adapterTypeName="executor://xunit/VsTestRunner2/netcoreapp" className="MovieRental.UnitTests.ServiceTests.ClientServiceTests" name="List_returns_paged_list_of_client_models" />
    </UnitTest>
    <UnitTest name="MovieRental.UnitTests.ServiceTests.RentingMovieServiceTests.Save_should_handle_missing_movie" storage="c:\users\grex\desktop\movierental-master\movierental.unittests\bin\debug\net5.0\movierental.unittests.dll" id="90016e40-576c-2e4e-3ec6-68f7433a4670">
      <Execution id="f549bcf2-02a5-43c1-ad40-cd4f160bdd6c" />
      <TestMethod codeBase="C:\Users\GreX\Desktop\MovieRental-master\MovieRental.UnitTests\bin\Debug\net5.0\MovieRental.UnitTests.dll" adapterTypeName="executor://xunit/VsTestRunner2/netcoreapp" className="MovieRental.UnitTests.ServiceTests.RentingMovieServiceTests" name="Save_should_handle_missing_movie" />
    </UnitTest>
    <UnitTest name="MovieRental.UnitTests.ServiceTests.MovieServiceTests.GetById_should_return_null_if_movie_was_not_found" storage="c:\users\grex\desktop\movierental-master\movierental.unittests\bin\debug\net5.0\movierental.unittests.dll" id="890ed616-ee30-3902-6275-3d87418401c1">
      <Execution id="9110cdcd-4114-4f92-af8c-d9a36d0a8ca2" />
      <TestMethod codeBase="C:\Users\GreX\Desktop\MovieRental-master\MovieRental.UnitTests\bin\Debug\net5.0\MovieRental.UnitTests.dll" adapterTypeName="executor://xunit/VsTestRunner2/netcoreapp" className="MovieRental.UnitTests.ServiceTests.MovieServiceTests" name="GetById_should_return_null_if_movie_was_not_found" />
    </UnitTest>
    <UnitTest name="MovieRental.UnitTests.ServiceTests.ClientServiceTests.GetForEdit_should_return_null_if_client_was_not_found" storage="c:\users\grex\desktop\movierental-master\movierental.unittests\bin\debug\net5.0\movierental.unittests.dll" id="20a345fc-c282-02f3-caaa-32604498f431">
      <Execution id="c90c2e04-5acd-4797-8b00-1b7d96f9a1c8" />
      <TestMethod codeBase="C:\Users\GreX\Desktop\MovieRental-master\MovieRental.UnitTests\bin\Debug\net5.0\MovieRental.UnitTests.dll" adapterTypeName="executor://xunit/VsTestRunner2/netcoreapp" className="MovieRental.UnitTests.ServiceTests.ClientServiceTests" name="GetForEdit_should_return_null_if_client_was_not_found" />
    </UnitTest>
    <UnitTest name="MovieRental.UnitTests.ControllerTests.RentingMoviesControllerTests.Delete_should_show_confirmation_page" storage="c:\users\grex\desktop\movierental-master\movierental.unittests\bin\debug\net5.0\movierental.unittests.dll" id="45b690e1-0f6c-b6f6-2ddb-18b646c572e1">
      <Execution id="77db371e-6f03-4eeb-82d5-3b479d42eecb" />
      <TestMethod codeBase="C:\Users\GreX\Desktop\MovieRental-master\MovieRental.UnitTests\bin\Debug\net5.0\MovieRental.UnitTests.dll" adapterTypeName="executor://xunit/VsTestRunner2/netcoreapp" className="MovieRental.UnitTests.ControllerTests.RentingMoviesControllerTests" name="Delete_should_show_confirmation_page" />
    </UnitTest>
    <UnitTest name="MovieRental.UnitTests.ControllerTests.MoviesControllerTests.Delete_should_return_not_found_when_movie_does_not_exist" storage="c:\users\grex\desktop\movierental-master\movierental.unittests\bin\debug\net5.0\movierental.unittests.dll" id="8b49ca67-9b5c-60f4-faa2-20f0a972f379">
      <Execution id="74f07cac-f511-418c-b4c5-31c3737ab08c" />
      <TestMethod codeBase="C:\Users\GreX\Desktop\MovieRental-master\MovieRental.UnitTests\bin\Debug\net5.0\MovieRental.UnitTests.dll" adapterTypeName="executor://xunit/VsTestRunner2/netcoreapp" className="MovieRental.UnitTests.ControllerTests.MoviesControllerTests" name="Delete_should_return_not_found_when_movie_does_not_exist" />
    </UnitTest>
    <UnitTest name="MovieRental.UnitTests.ControllerTests.ClientsControllerTests.DeleteConfirmed_should_return_not_found_if_client_is_null" storage="c:\users\grex\desktop\movierental-master\movierental.unittests\bin\debug\net5.0\movierental.unittests.dll" id="a3c3e008-a9cf-4a65-ca32-dd199b3cb740">
      <Execution id="4464e1e8-15a7-4dd3-936e-672d2c4c913c" />
      <TestMethod codeBase="C:\Users\GreX\Desktop\MovieRental-master\MovieRental.UnitTests\bin\Debug\net5.0\MovieRental.UnitTests.dll" adapterTypeName="executor://xunit/VsTestRunner2/netcoreapp" className="MovieRental.UnitTests.ControllerTests.ClientsControllerTests" name="DeleteConfirmed_should_return_not_found_if_client_is_null" />
    </UnitTest>
    <UnitTest name="MovieRental.UnitTests.ControllerTests.RentingMoviesControllerTests.Index_should_survive_null_model" storage="c:\users\grex\desktop\movierental-master\movierental.unittests\bin\debug\net5.0\movierental.unittests.dll" id="490ddea9-01d7-6732-4c55-48d4850c86f4">
      <Execution id="73d6aafc-73e6-49f6-8e94-beaf256a646b" />
      <TestMethod codeBase="C:\Users\GreX\Desktop\MovieRental-master\MovieRental.UnitTests\bin\Debug\net5.0\MovieRental.UnitTests.dll" adapterTypeName="executor://xunit/VsTestRunner2/netcoreapp" className="MovieRental.UnitTests.ControllerTests.RentingMoviesControllerTests" name="Index_should_survive_null_model" />
    </UnitTest>
    <UnitTest name="MovieRental.UnitTests.ControllerTests.HomeControllerTests.Upload_should_survive_null_collection" storage="c:\users\grex\desktop\movierental-master\movierental.unittests\bin\debug\net5.0\movierental.unittests.dll" id="5b15de16-b4d0-e96f-eda5-aa63a51243b0">
      <Execution id="809d1c9d-6690-4333-8e7c-c4f11209d088" />
      <TestMethod codeBase="C:\Users\GreX\Desktop\MovieRental-master\MovieRental.UnitTests\bin\Debug\net5.0\MovieRental.UnitTests.dll" adapterTypeName="executor://xunit/VsTestRunner2/netcoreapp" className="MovieRental.UnitTests.ControllerTests.HomeControllerTests" name="Upload_should_survive_null_collection" />
    </UnitTest>
    <UnitTest name="MovieRental.UnitTests.ControllerTests.MoviesControllerTests.Index_should_return_default_view" storage="c:\users\grex\desktop\movierental-master\movierental.unittests\bin\debug\net5.0\movierental.unittests.dll" id="4405cf10-ef90-df58-0635-00412af83cd9">
      <Execution id="3ded5721-2383-4999-893e-047052af36d0" />
      <TestMethod codeBase="C:\Users\GreX\Desktop\MovieRental-master\MovieRental.UnitTests\bin\Debug\net5.0\MovieRental.UnitTests.dll" adapterTypeName="executor://xunit/VsTestRunner2/netcoreapp" className="MovieRental.UnitTests.ControllerTests.MoviesControllerTests" name="Index_should_return_default_view" />
    </UnitTest>
    <UnitTest name="MovieRental.UnitTests.ControllerTests.RentingsControllerTests.Edit_should_return_badresult_when_model_is_null" storage="c:\users\grex\desktop\movierental-master\movierental.unittests\bin\debug\net5.0\movierental.unittests.dll" id="64cdd494-030d-809a-a441-3d71d4a66f45">
      <Execution id="af41d764-871e-4863-bdea-96ea6a4725ce" />
      <TestMethod codeBase="C:\Users\GreX\Desktop\MovieRental-master\MovieRental.UnitTests\bin\Debug\net5.0\MovieRental.UnitTests.dll" adapterTypeName="executor://xunit/VsTestRunner2/netcoreapp" className="MovieRental.UnitTests.ControllerTests.RentingsControllerTests" name="Edit_should_return_badresult_when_model_is_null" />
    </UnitTest>
    <UnitTest name="MovieRental.UnitTests.ServiceTests.ClientServiceTests.Save_should_save_valid_client" storage="c:\users\grex\desktop\movierental-master\movierental.unittests\bin\debug\net5.0\movierental.unittests.dll" id="85c45951-3cc0-6a08-1790-2faad737342e">
      <Execution id="54481f9d-9b82-4eab-bb03-b242643cd3dc" />
      <TestMethod codeBase="C:\Users\GreX\Desktop\MovieRental-master\MovieRental.UnitTests\bin\Debug\net5.0\MovieRental.UnitTests.dll" adapterTypeName="executor://xunit/VsTestRunner2/netcoreapp" className="MovieRental.UnitTests.ServiceTests.ClientServiceTests" name="Save_should_save_valid_client" />
    </UnitTest>
    <UnitTest name="MovieRental.UnitTests.ControllerTests.RentingMoviesControllerTests.Index_should_return_list_of_rentingMovies" storage="c:\users\grex\desktop\movierental-master\movierental.unittests\bin\debug\net5.0\movierental.unittests.dll" id="fcae41e9-ac83-d85d-8cb9-2141711056a9">
      <Execution id="29d7ad52-0baa-4e6c-a75e-3f8e39cf4031" />
      <TestMethod codeBase="C:\Users\GreX\Desktop\MovieRental-master\MovieRental.UnitTests\bin\Debug\net5.0\MovieRental.UnitTests.dll" adapterTypeName="executor://xunit/VsTestRunner2/netcoreapp" className="MovieRental.UnitTests.ControllerTests.RentingMoviesControllerTests" name="Index_should_return_list_of_rentingMovies" />
    </UnitTest>
    <UnitTest name="MovieRental.UnitTests.ServiceTests.MovieServiceTests.List_returns_paged_list_of_movie_models" storage="c:\users\grex\desktop\movierental-master\movierental.unittests\bin\debug\net5.0\movierental.unittests.dll" id="1b331e92-edea-2c2f-37e3-41c7d3f65915">
      <Execution id="9de1d1b6-b157-49ee-8741-3e28e4fc537a" />
      <TestMethod codeBase="C:\Users\GreX\Desktop\MovieRental-master\MovieRental.UnitTests\bin\Debug\net5.0\MovieRental.UnitTests.dll" adapterTypeName="executor://xunit/VsTestRunner2/netcoreapp" className="MovieRental.UnitTests.ServiceTests.MovieServiceTests" name="List_returns_paged_list_of_movie_models" />
    </UnitTest>
    <UnitTest name="MovieRental.UnitTests.ServiceTests.RentingMovieServiceTests.Delete_should_survive_null_model" storage="c:\users\grex\desktop\movierental-master\movierental.unittests\bin\debug\net5.0\movierental.unittests.dll" id="b4cb7b23-545f-243d-469b-920b3f622669">
      <Execution id="0f0822bf-1177-494a-af3a-9e4115da4e70" />
      <TestMethod codeBase="C:\Users\GreX\Desktop\MovieRental-master\MovieRental.UnitTests\bin\Debug\net5.0\MovieRental.UnitTests.dll" adapterTypeName="executor://xunit/VsTestRunner2/netcoreapp" className="MovieRental.UnitTests.ServiceTests.RentingMovieServiceTests" name="Delete_should_survive_null_model" />
    </UnitTest>
    <UnitTest name="MovieRental.UnitTests.ControllerTests.ClientsControllerTests.Index_should_return_list_of_clients" storage="c:\users\grex\desktop\movierental-master\movierental.unittests\bin\debug\net5.0\movierental.unittests.dll" id="869f6499-d8bb-1f64-6208-4a807b829102">
      <Execution id="52c3806a-104d-49fd-93a2-278a0ac6f027" />
      <TestMethod codeBase="C:\Users\GreX\Desktop\MovieRental-master\MovieRental.UnitTests\bin\Debug\net5.0\MovieRental.UnitTests.dll" adapterTypeName="executor://xunit/VsTestRunner2/netcoreapp" className="MovieRental.UnitTests.ControllerTests.ClientsControllerTests" name="Index_should_return_list_of_clients" />
    </UnitTest>
    <UnitTest name="MovieRental.UnitTests.ServiceTests.MovieServiceTests.Save_should_survive_null_model" storage="c:\users\grex\desktop\movierental-master\movierental.unittests\bin\debug\net5.0\movierental.unittests.dll" id="e531d1a4-4f44-dea8-177d-a90fd07ca12e">
      <Execution id="ac86ef74-725d-4088-a010-42c1b173cd1b" />
      <TestMethod codeBase="C:\Users\GreX\Desktop\MovieRental-master\MovieRental.UnitTests\bin\Debug\net5.0\MovieRental.UnitTests.dll" adapterTypeName="executor://xunit/VsTestRunner2/netcoreapp" className="MovieRental.UnitTests.ServiceTests.MovieServiceTests" name="Save_should_survive_null_model" />
    </UnitTest>
    <UnitTest name="MovieRental.UnitTests.ControllerTests.MoviesControllerTests.Details_returns_correct_result_when_movie_is_found" storage="c:\users\grex\desktop\movierental-master\movierental.unittests\bin\debug\net5.0\movierental.unittests.dll" id="8d055f37-4d87-5098-c274-8d96432177d5">
      <Execution id="df200bbd-4109-4cd7-b1e5-7b22433b2edd" />
      <TestMethod codeBase="C:\Users\GreX\Desktop\MovieRental-master\MovieRental.UnitTests\bin\Debug\net5.0\MovieRental.UnitTests.dll" adapterTypeName="executor://xunit/VsTestRunner2/netcoreapp" className="MovieRental.UnitTests.ControllerTests.MoviesControllerTests" name="Details_returns_correct_result_when_movie_is_found" />
    </UnitTest>
    <UnitTest name="MovieRental.UnitTests.ControllerTests.MoviesControllerTests.Edit_should_save_movie_data" storage="c:\users\grex\desktop\movierental-master\movierental.unittests\bin\debug\net5.0\movierental.unittests.dll" id="421ce6f5-3348-d17a-cab9-849243ee6d64">
      <Execution id="e3a05afe-2fc4-4753-904c-f84462320449" />
      <TestMethod codeBase="C:\Users\GreX\Desktop\MovieRental-master\MovieRental.UnitTests\bin\Debug\net5.0\MovieRental.UnitTests.dll" adapterTypeName="executor://xunit/VsTestRunner2/netcoreapp" className="MovieRental.UnitTests.ControllerTests.MoviesControllerTests" name="Edit_should_save_movie_data" />
    </UnitTest>
    <UnitTest name="MovieRental.UnitTests.ControllerTests.ClientsControllerTests.Details_should_return_not_found_if_id_is_null" storage="c:\users\grex\desktop\movierental-master\movierental.unittests\bin\debug\net5.0\movierental.unittests.dll" id="7a89aa9f-d6a1-573d-6bcc-ee152cf0e941">
      <Execution id="261bb3c7-dd3c-4cbd-b3bc-74ae1cb4c1b4" />
      <TestMethod codeBase="C:\Users\GreX\Desktop\MovieRental-master\MovieRental.UnitTests\bin\Debug\net5.0\MovieRental.UnitTests.dll" adapterTypeName="executor://xunit/VsTestRunner2/netcoreapp" className="MovieRental.UnitTests.ControllerTests.ClientsControllerTests" name="Details_should_return_not_found_if_id_is_null" />
    </UnitTest>
    <UnitTest name="MovieRental.UnitTests.ControllerTests.RentingsControllerTests.Index_should_return_list_of_rentings" storage="c:\users\grex\desktop\movierental-master\movierental.unittests\bin\debug\net5.0\movierental.unittests.dll" id="b48466b1-a087-56c0-6d8c-61e387bea42e">
      <Execution id="22b2058b-1459-4e43-a5c5-0e2537cc6aec" />
      <TestMethod codeBase="C:\Users\GreX\Desktop\MovieRental-master\MovieRental.UnitTests\bin\Debug\net5.0\MovieRental.UnitTests.dll" adapterTypeName="executor://xunit/VsTestRunner2/netcoreapp" className="MovieRental.UnitTests.ControllerTests.RentingsControllerTests" name="Index_should_return_list_of_rentings" />
    </UnitTest>
    <UnitTest name="MovieRental.UnitTests.ServiceTests.RentingMovieServiceTests.GetById_should_return_rentingMovie" storage="c:\users\grex\desktop\movierental-master\movierental.unittests\bin\debug\net5.0\movierental.unittests.dll" id="cf2b8585-fde2-f354-4924-96622e7fc71a">
      <Execution id="50a2cdbe-9c9a-4469-8637-d125e0300961" />
[...]
      <Execution id="77dc1dd8-a284-4609-9c2b-fe204ce9c137" />
      <TestMethod codeBase="C:\Users\GreX\Desktop\MovieRental-master\MovieRental.UnitTests\bin\Debug\net5.0\MovieRental.UnitTests.dll" adapterTypeName="executor://xunit/VsTestRunner2/netcoreapp" className="MovieRental.UnitTests.ServiceTests.ClientServiceTests" name="GetForEdit_should_return_client" />
    </UnitTest>
    <UnitTest name="MovieRental.UnitTests.ServiceTests.ClientServiceTests.Delete_should_survive_null_model" storage="c:\users\grex\desktop\movierental-master\movierental.unittests\bin\debug\net5.0\movierental.unittests.dll" id="24d29039-ee87-0459-b1ba-08e86ceb9b48">
      <Execution id="7132ff87-71b0-48a5-a5f9-83369f71da7a" />
      <TestMethod codeBase="C:\Users\GreX\Desktop\MovieRental-master\MovieRental.UnitTests\bin\Debug\net5.0\MovieRental.UnitTests.dll" adapterTypeName="executor://xunit/VsTestRunner2/netcoreapp" className="MovieRental.UnitTests.ServiceTests.ClientServiceTests" name="Delete_should_survive_null_model" />
    </UnitTest>
  </TestDefinitions>
  <TestEntries>
    <TestEntry testId="c393a45f-3964-b99a-48de-491cf60d38d5" executionId="3ac47f40-c2ba-40bc-8c19-3199b0c9b17a" testListId="8c84fa94-04c1-424b-9868-57a2d4851a1d" />
    <TestEntry testId="a970e4fa-ca44-3504-28a4-6ce215804383" executionId="5a50560e-4342-41aa-8955-c6381d05fdb2" testListId="8c84fa94-04c1-424b-9868-57a2d4851a1d" />
    <TestEntry testId="4ab13d06-9e4d-be0f-9e53-f33e4e8149fc" executionId="ad83155e-fa4a-46dc-bfb2-881510bf4365" testListId="8c84fa94-04c1-424b-9868-57a2d4851a1d" />
    <TestEntry testId="890ed616-ee30-3902-6275-3d87418401c1" executionId="9110cdcd-4114-4f92-af8c-d9a36d0a8ca2" testListId="8c84fa94-04c1-424b-9868-57a2d4851a1d" />
    <TestEntry testId="3dc299ce-0ee7-5be4-8060-49d51df7e5fd" executionId="1fbbe15c-f3d2-4188-9b8a-a2fd72710e32" testListId="8c84fa94-04c1-424b-9868-57a2d4851a1d" />
    <TestEntry testId="dd16f71e-f4b6-9246-c543-bdd954a41814" executionId="965ecfb4-4a22-4d1b-9a27-a3dc95d9b65e" testListId="8c84fa94-04c1-424b-9868-57a2d4851a1d" />
    <TestEntry testId="749dfcf3-9f11-77c3-9611-1984b9c6c8c8" executionId="4e3712ed-98ed-4aa9-b763-c258f9e35431" testListId="8c84fa94-04c1-424b-9868-57a2d4851a1d" />
    <TestEntry testId="20a345fc-c282-02f3-caaa-32604498f431" executionId="c90c2e04-5acd-4797-8b00-1b7d96f9a1c8" testListId="8c84fa94-04c1-424b-9868-57a2d4851a1d" />
    <TestEntry testId="099c5d33-f1e2-66f9-133d-a71733ae61f3" executionId="27ec293b-38f2-4714-b644-6064d9678e43" testListId="8c84fa94-04c1-424b-9868-57a2d4851a1d" />
    <TestEntry testId="dd7cd6bc-da54-69e4-14d7-bff4aab017c3" executionId="b8cf36bd-778b-427f-bbf0-b49199482c5b" testListId="8c84fa94-04c1-424b-9868-57a2d4851a1d" />
    <TestEntry testId="b2f9a8e3-9ec9-0680-9259-6c659e39c53f" executionId="a83aece7-cfdd-42fd-90f9-d72aa515f085" testListId="8c84fa94-04c1-424b-9868-57a2d4851a1d" />
    <TestEntry testId="1a83e5d2-8ca8-43dc-d952-a3647cb08ebd" executionId="fc78059a-cd57-4030-a055-62c66c72ed87" testListId="8c84fa94-04c1-424b-9868-57a2d4851a1d" />
    <TestEntry testId="47363a79-e7a3-62ea-18da-cb63a0cf8269" executionId="77dc1dd8-a284-4609-9c2b-fe204ce9c137" testListId="8c84fa94-04c1-424b-9868-57a2d4851a1d" />
    <TestEntry testId="38234caf-8c4b-2e3a-11cb-8085444112aa" executionId="12448e07-5f3a-4442-a16e-62592ab13e8c" testListId="8c84fa94-04c1-424b-9868-57a2d4851a1d" />
    <TestEntry testId="c6ff314e-939a-a6eb-4d52-140224b6b8a6" executionId="435b97bc-0169-40c8-a990-2927c388c05b" testListId="8c84fa94-04c1-424b-9868-57a2d4851a1d" />
    <TestEntry testId="b48466b1-a087-56c0-6d8c-61e387bea42e" executionId="22b2058b-1459-4e43-a5c5-0e2537cc6aec" testListId="8c84fa94-04c1-424b-9868-57a2d4851a1d" />
    <TestEntry testId="8d055f37-4d87-5098-c274-8d96432177d5" executionId="df200bbd-4109-4cd7-b1e5-7b22433b2edd" testListId="8c84fa94-04c1-424b-9868-57a2d4851a1d" />
    <TestEntry testId="18dad7e3-46fc-5566-1d02-7154826a8acf" executionId="4990d878-f8bf-45cb-bb40-094ccab92bad" testListId="8c84fa94-04c1-424b-9868-57a2d4851a1d" />
    <TestEntry testId="6d8c612d-72e1-0b75-aee0-887f6ef22f3d" executionId="30739789-ee14-4846-bf3a-f8bfcb91b972" testListId="8c84fa94-04c1-424b-9868-57a2d4851a1d" />
    <TestEntry testId="b867f9c7-49ed-9a37-76e7-d43bbf8f3bc2" executionId="9c88ffe3-e79e-4613-9478-8a995573a097" testListId="8c84fa94-04c1-424b-9868-57a2d4851a1d" />
    <TestEntry testId="a8c7d4c0-2357-a12e-3c8f-958226126a1b" executionId="86569d6c-c1d8-4fd8-8737-792cf5b63c2e" testListId="8c84fa94-04c1-424b-9868-57a2d4851a1d" />
    <TestEntry testId="ee86b64d-8bc1-4c88-6174-44514a7034f6" executionId="2bc9fcf1-5455-4d53-9a70-2ce596bfb55f" testListId="8c84fa94-04c1-424b-9868-57a2d4851a1d" />
    <TestEntry testId="cbe49032-db46-fa95-05ff-1c5f0291a96f" executionId="eebe35c0-92c8-4b6a-ab03-d428b082c4b8" testListId="8c84fa94-04c1-424b-9868-57a2d4851a1d" />
    <TestEntry testId="5debadfc-fe64-f21f-278e-7a1ba5d95e67" executionId="0dae0e89-e644-407b-8a85-ddb01c6d2740" testListId="8c84fa94-04c1-424b-9868-57a2d4851a1d" />
    <TestEntry testId="8b49ca67-9b5c-60f4-faa2-20f0a972f379" executionId="74f07cac-f511-418c-b4c5-31c3737ab08c" testListId="8c84fa94-04c1-424b-9868-57a2d4851a1d" />
    <TestEntry testId="869f6499-d8bb-1f64-6208-4a807b829102" executionId="52c3806a-104d-49fd-93a2-278a0ac6f027" testListId="8c84fa94-04c1-424b-9868-57a2d4851a1d" />
    <TestEntry testId="85c45951-3cc0-6a08-1790-2faad737342e" executionId="54481f9d-9b82-4eab-bb03-b242643cd3dc" testListId="8c84fa94-04c1-424b-9868-57a2d4851a1d" />
    <TestEntry testId="7a89aa9f-d6a1-573d-6bcc-ee152cf0e941" executionId="261bb3c7-dd3c-4cbd-b3bc-74ae1cb4c1b4" testListId="8c84fa94-04c1-424b-9868-57a2d4851a1d" />
    <TestEntry testId="b4cb7b23-545f-243d-469b-920b3f622669" executionId="0f0822bf-1177-494a-af3a-9e4115da4e70" testListId="8c84fa94-04c1-424b-9868-57a2d4851a1d" />
    <TestEntry testId="e4c4581c-6f68-20b2-b60c-5accc76f21af" executionId="0b28ca3c-1ec2-4acf-996a-5691908d6129" testListId="8c84fa94-04c1-424b-9868-57a2d4851a1d" />
    <TestEntry testId="5314c418-c50f-69c5-6cdf-9f5c82ec4ef1" executionId="190e0ba6-6c4b-4450-a8ae-66828b020a53" testListId="8c84fa94-04c1-424b-9868-57a2d4851a1d" />
    <TestEntry testId="cf2b8585-fde2-f354-4924-96622e7fc71a" executionId="50a2cdbe-9c9a-4469-8637-d125e0300961" testListId="8c84fa94-04c1-424b-9868-57a2d4851a1d" />
    <TestEntry testId="faf7dfd8-7137-9688-e2b1-bec41c06c6b6" executionId="a32026ae-c06e-490e-93b1-680ce3f214c9" testListId="8c84fa94-04c1-424b-9868-57a2d4851a1d" />
    <TestEntry testId="de25aef2-c69f-51f4-70a6-f1be9fe010e1" executionId="4f4d5479-d5ad-497d-9343-8fa0eb5f2d72" testListId="8c84fa94-04c1-424b-9868-57a2d4851a1d" />
    <TestEntry testId="776d0197-a3bd-3675-be7c-3befdd2b22e9" executionId="46fe00f8-c71c-4526-84ca-6e9fc7e4fde3" testListId="8c84fa94-04c1-424b-9868-57a2d4851a1d" />
    <TestEntry testId="9f8b7192-a7de-6cb3-f67d-f2d6ccb8b238" executionId="085e206f-bbf9-4e6e-9d37-3be38c76c86c" testListId="8c84fa94-04c1-424b-9868-57a2d4851a1d" />
    <TestEntry testId="f1bc554c-b0ba-6ee6-3c46-aabf25ed933f" executionId="8a46c260-de05-418c-8b6a-024ea95383f5" testListId="8c84fa94-04c1-424b-9868-57a2d4851a1d" />
    <TestEntry testId="5eb7c0a0-3d47-be3f-c16c-2dba46644f8b" executionId="3646f1d7-99bb-463c-88a4-ae4afd05c388" testListId="8c84fa94-04c1-424b-9868-57a2d4851a1d" />
    <TestEntry testId="6e1f6e49-d62f-55f0-2d5e-ed5d66c861ca" executionId="2f8b1c6e-2e5e-4a75-b8b1-d94ebfbfe321" testListId="8c84fa94-04c1-424b-9868-57a2d4851a1d" />
    <TestEntry testId="0aa2f004-3361-4494-2ddf-5f52788dcfb6" executionId="c8000e12-4908-49dc-8c33-1348530272ca" testListId="8c84fa94-04c1-424b-9868-57a2d4851a1d" />
    <TestEntry testId="7f960a7e-30e6-acaa-856b-6ad5bf9ab64e" executionId="9618dffb-0b6b-49d6-b6b1-8ea219a7ff4c" testListId="8c84fa94-04c1-424b-9868-57a2d4851a1d" />
    <TestEntry testId="dbd08c20-ff59-3161-cec5-52265c8f6f5c" executionId="18eb38aa-b0d3-4f18-b15a-678badb5a594" testListId="8c84fa94-04c1-424b-9868-57a2d4851a1d" />
    <TestEntry testId="39d48197-b72d-a380-b4f2-2c7e45539069" executionId="f8df5adb-496b-45e4-a9b7-48854a44e8cc" testListId="8c84fa94-04c1-424b-9868-57a2d4851a1d" />
    <TestEntry testId="97100cdf-7e52-49c8-6df8-e9f1880c92ca" executionId="15fb7b54-f5a7-4bf4-9d07-c8b78fd34fb1" testListId="8c84fa94-04c1-424b-9868-57a2d4851a1d" />
    <TestEntry testId="6e00b8c2-f124-ee04-f141-11e51ae92b8d" executionId="a3dd0350-c817-4cde-b251-0f0a0041e864" testListId="8c84fa94-04c1-424b-9868-57a2d4851a1d" />
    <TestEntry testId="a470fcd4-6fd1-f0b1-c32d-8dc637e424d1" executionId="608e8d56-aeac-4ada-bf55-bf72429326be" testListId="8c84fa94-04c1-424b-9868-57a2d4851a1d" />
    <TestEntry testId="6e851790-46c9-5575-42bb-49401f15a638" executionId="dbdda030-dabc-4ffb-b643-54e307a70b96" testListId="8c84fa94-04c1-424b-9868-57a2d4851a1d" />
    <TestEntry testId="2a52476e-cc2a-0e02-d6f0-45385617bb13" executionId="ae62d415-ecb9-4587-a9fd-80cb279e0d8e" testListId="8c84fa94-04c1-424b-9868-57a2d4851a1d" />
    <TestEntry testId="64e107c2-9545-0cee-7e89-1de27126be19" executionId="794e9081-22f7-46f7-8be0-d1c1a73288ed" testListId="8c84fa94-04c1-424b-9868-57a2d4851a1d" />
    <TestEntry testId="ab5351b1-2e43-a6b9-a721-e255d21da22a" executionId="ba51f759-21fc-48b1-bdd6-f1bc3d41d41a" testListId="8c84fa94-04c1-424b-9868-57a2d4851a1d" />
    <TestEntry testId="386de667-6b07-30b7-6738-7c1f4f920273" executionId="b0d705cc-d743-4924-8466-5be97b53ede3" testListId="8c84fa94-04c1-424b-9868-57a2d4851a1d" />
    <TestEntry testId="ea529ce8-db30-8843-88a0-636f66e9ca54" executionId="2d360c51-070c-4d56-a337-a10ad752e73f" testListId="8c84fa94-04c1-424b-9868-57a2d4851a1d" />
    <TestEntry testId="45b690e1-0f6c-b6f6-2ddb-18b646c572e1" executionId="77db371e-6f03-4eeb-82d5-3b479d42eecb" testListId="8c84fa94-04c1-424b-9868-57a2d4851a1d" />
    <TestEntry testId="10972a8d-769a-2464-9371-6e44e0213fe3" executionId="0001ea5a-42ad-4efe-9de1-dfa8b184bb96" testListId="8c84fa94-04c1-424b-9868-57a2d4851a1d" />
    <TestEntry testId="29292592-7a7b-a22d-3e12-4ddf8cb5200f" executionId="f468eeee-c1a6-4ce4-b08b-5521ee931ef4" testListId="8c84fa94-04c1-424b-9868-57a2d4851a1d" />
    <TestEntry testId="2f0f5ee8-9e8d-9be9-9a3d-d4900a185197" executionId="1c23a020-f005-409b-a1dd-fc476608d5fc" testListId="8c84fa94-04c1-424b-9868-57a2d4851a1d" />
    <TestEntry testId="df6ed68d-04f8-e9cc-4e87-edef837b8a28" executionId="6fe70e2b-27a4-4e57-bd78-4454a2ba6678" testListId="8c84fa94-04c1-424b-9868-57a2d4851a1d" />
    <TestEntry testId="2d79f771-4e46-844e-199a-4838a2cd87c9" executionId="eb3ffbcb-d7d8-40d9-8da9-04ae8dacd29d" testListId="8c84fa94-04c1-424b-9868-57a2d4851a1d" />
    <TestEntry testId="74badcbc-e55b-a3ba-ab55-a4f6201bd106" executionId="9b0b94e8-93b3-408e-9b46-137527940432" testListId="8c84fa94-04c1-424b-9868-57a2d4851a1d" />
    <TestEntry testId="421ce6f5-3348-d17a-cab9-849243ee6d64" executionId="e3a05afe-2fc4-4753-904c-f84462320449" testListId="8c84fa94-04c1-424b-9868-57a2d4851a1d" />
    <TestEntry testId="a2c0be10-d849-5994-7619-3660e89c30d5" executionId="f8db518b-0791-45c3-b287-a653f7d8b3fc" testListId="8c84fa94-04c1-424b-9868-57a2d4851a1d" />
    <TestEntry testId="359a67d0-f6ab-9be1-31ca-5353b4cd5e22" executionId="9ff04fe9-71d4-45c1-acb8-f71cab94e3a0" testListId="8c84fa94-04c1-424b-9868-57a2d4851a1d" />
    <TestEntry testId="8d773acc-ccb9-81a8-27c3-c97532063f6b" executionId="9d56fd3b-9a81-42fa-bbfb-39b45cbe7d1c" testListId="8c84fa94-04c1-424b-9868-57a2d4851a1d" />
    <TestEntry testId="e19a4013-fc7f-69bd-0968-86b178e8db71" executionId="3c9fa64e-c507-4e62-8ccd-15eb584791e8" testListId="8c84fa94-04c1-424b-9868-57a2d4851a1d" />
    <TestEntry testId="fcc0de35-8758-68fe-8966-7d616a6362f0" executionId="3ea38ac0-d385-4c83-9e83-95cf13efe169" testListId="8c84fa94-04c1-424b-9868-57a2d4851a1d" />
    <TestEntry testId="098bc4a0-f068-a16c-e96b-8f1ffe24699a" executionId="aeec06d7-22a2-4d57-b1a0-b900a3306f8d" testListId="8c84fa94-04c1-424b-9868-57a2d4851a1d" />
    <TestEntry testId="32d112c5-d3cd-0711-8de5-ca1add55b11d" executionId="94fbed16-175f-4b47-b7f4-df8d47b4d313" testListId="8c84fa94-04c1-424b-9868-57a2d4851a1d" />
    <TestEntry testId="fa43a377-3708-702c-c255-563cd59dab57" executionId="85c26e44-c144-40d2-9527-60bcb86acce3" testListId="8c84fa94-04c1-424b-9868-57a2d4851a1d" />
    <TestEntry testId="b0b56116-2be1-6902-62f1-0141048e8409" executionId="5dc3641b-5a99-405e-a068-4840034e3653" testListId="8c84fa94-04c1-424b-9868-57a2d4851a1d" />
    <TestEntry testId="a72eb24c-9b32-b058-2d80-e95d2e06d228" executionId="2843d3ae-7c96-48fe-aecc-39ee4706a6f0" testListId="8c84fa94-04c1-424b-9868-57a2d4851a1d" />
    <TestEntry testId="88cee752-33ae-862d-6a94-1e9ee4ac3f5d" executionId="5db6dfe9-5621-4b25-843d-28ec95b9647e" testListId="8c84fa94-04c1-424b-9868-57a2d4851a1d" />
    <TestEntry testId="17946e7f-a448-7a63-fa52-2086b3dae105" executionId="a5f14e55-71dd-48af-ba3b-9b62fac89492" testListId="8c84fa94-04c1-424b-9868-57a2d4851a1d" />
    <TestEntry testId="0088ce69-1edf-defd-f619-ad5e5c1556a8" executionId="1e03ce62-4ba1-4d65-bd66-77c1ef2e6d69" testListId="8c84fa94-04c1-424b-9868-57a2d4851a1d" />
    <TestEntry testId="490ddea9-01d7-6732-4c55-48d4850c86f4" executionId="73d6aafc-73e6-49f6-8e94-beaf256a646b" testListId="8c84fa94-04c1-424b-9868-57a2d4851a1d" />
    <TestEntry testId="fcae41e9-ac83-d85d-8cb9-2141711056a9" executionId="29d7ad52-0baa-4e6c-a75e-3f8e39cf4031" testListId="8c84fa94-04c1-424b-9868-57a2d4851a1d" />
    <TestEntry testId="4405cf10-ef90-df58-0635-00412af83cd9" executionId="3ded5721-2383-4999-893e-047052af36d0" testListId="8c84fa94-04c1-424b-9868-57a2d4851a1d" />
    <TestEntry testId="433a3ca6-f60c-b405-e2ef-dea06907a942" executionId="b9226b4e-8014-46c5-aec6-b29ce5f2867b" testListId="8c84fa94-04c1-424b-9868-57a2d4851a1d" />
    <TestEntry testId="1b331e92-edea-2c2f-37e3-41c7d3f65915" executionId="9de1d1b6-b157-49ee-8741-3e28e4fc537a" testListId="8c84fa94-04c1-424b-9868-57a2d4851a1d" />
    <TestEntry testId="1fe545be-585a-8a56-df5a-dc0c92908d49" executionId="7c0232ef-1c5c-41f8-8491-e5c4e150206b" testListId="8c84fa94-04c1-424b-9868-57a2d4851a1d" />
    <TestEntry testId="10a58d89-93fe-95bf-9e99-b56e7be915eb" executionId="41237b26-1cc0-4ea9-9cdd-f8ea69b36a7a" testListId="8c84fa94-04c1-424b-9868-57a2d4851a1d" />
    <TestEntry testId="90016e40-576c-2e4e-3ec6-68f7433a4670" executionId="f549bcf2-02a5-43c1-ad40-cd4f160bdd6c" testListId="8c84fa94-04c1-424b-9868-57a2d4851a1d" />
    <TestEntry testId="6f6c818d-cc91-8727-c6e3-a8a1244a823d" executionId="ad481c8d-bbfb-4963-9a7b-bee922eaab00" testListId="8c84fa94-04c1-424b-9868-57a2d4851a1d" />
    <TestEntry testId="a3c3e008-a9cf-4a65-ca32-dd199b3cb740" executionId="4464e1e8-15a7-4dd3-936e-672d2c4c913c" testListId="8c84fa94-04c1-424b-9868-57a2d4851a1d" />
    <TestEntry testId="1e4b92b5-655e-a9ec-9ec1-cc1e0acaad50" executionId="29093e2e-e054-402e-90c9-a6a730e0e7b2" testListId="8c84fa94-04c1-424b-9868-57a2d4851a1d" />
    <TestEntry testId="0ff01d72-d9c8-5a41-11d9-2690958afa50" executionId="0920a898-24f3-4dde-a058-e3e82dfbfcec" testListId="8c84fa94-04c1-424b-9868-57a2d4851a1d" />
    <TestEntry testId="7d2b2b5a-afe0-c6e1-79ca-f658b0fcac7e" executionId="4f75cfda-9815-458f-a6c8-513ae7d9abae" testListId="8c84fa94-04c1-424b-9868-57a2d4851a1d" />
    <TestEntry testId="f824c2ce-542f-56fe-ec64-3038fedcd405" executionId="60206dbf-e4c1-414c-bb61-c1d7f3c23761" testListId="8c84fa94-04c1-424b-9868-57a2d4851a1d" />
    <TestEntry testId="04171180-ecd4-8c49-c57e-8bfa1dda5c50" executionId="f3ca3c01-3452-4e3b-9617-4e39344df924" testListId="8c84fa94-04c1-424b-9868-57a2d4851a1d" />
    <TestEntry testId="c34c32b8-8c93-534d-b7b4-167144172ec8" executionId="11a2d4f5-e037-489d-89e4-fd3a2cf40728" testListId="8c84fa94-04c1-424b-9868-57a2d4851a1d" />
    <TestEntry testId="5b456f8f-5e95-dc99-1d9b-428bbe7b848b" executionId="2df051a7-b87f-4dab-9ac7-07a94c930e4e" testListId="8c84fa94-04c1-424b-9868-57a2d4851a1d" />
    <TestEntry testId="62ca6a22-e039-79ec-32b5-935281bad30e" executionId="0e3e3d0a-57e6-46fa-b3aa-408a67aeb05a" testListId="8c84fa94-04c1-424b-9868-57a2d4851a1d" />
    <TestEntry testId="dcce0a43-f569-15d6-d780-04a7959ad645" executionId="6a5b4825-c7f4-4e40-8fe1-36b8e134a2dc" testListId="8c84fa94-04c1-424b-9868-57a2d4851a1d" />
    <TestEntry testId="148ff5bf-95a5-60ce-8819-a4815a3e33fd" executionId="0bcb2469-6e36-405f-8fe7-1360322cf0b8" testListId="8c84fa94-04c1-424b-9868-57a2d4851a1d" />
    <TestEntry testId="7ac33f00-73c5-9881-0bb3-2a00a52748c3" executionId="c63c350b-685e-491c-93b5-dab825148a9e" testListId="8c84fa94-04c1-424b-9868-57a2d4851a1d" />
    <TestEntry testId="64cdd494-030d-809a-a441-3d71d4a66f45" executionId="af41d764-871e-4863-bdea-96ea6a4725ce" testListId="8c84fa94-04c1-424b-9868-57a2d4851a1d" />
    <TestEntry testId="40186538-0ff7-8ce8-0a4f-007632d55a3e" executionId="46656e45-e307-459e-8d7d-e7dd4694ad5f" testListId="8c84fa94-04c1-424b-9868-57a2d4851a1d" />
    <TestEntry testId="7e9788c9-4cf3-a03b-d537-4c13a9240968" executionId="2609df14-8823-4d01-8d70-e2623e32111d" testListId="8c84fa94-04c1-424b-9868-57a2d4851a1d" />
    <TestEntry testId="24d29039-ee87-0459-b1ba-08e86ceb9b48" executionId="7132ff87-71b0-48a5-a5f9-83369f71da7a" testListId="8c84fa94-04c1-424b-9868-57a2d4851a1d" />
    <TestEntry testId="87f1bfec-738c-fde3-3ec7-ac41f71b1199" executionId="2948e3ed-c481-40f5-a272-84ce2853fbea" testListId="8c84fa94-04c1-424b-9868-57a2d4851a1d" />
    <TestEntry testId="9ef8288a-0015-7aca-def8-53b0f513f0f1" executionId="e1894483-b5df-4946-8bed-d6acee803231" testListId="8c84fa94-04c1-424b-9868-57a2d4851a1d" />
    <TestEntry testId="89cc663b-150d-ad39-5b65-6592e121f349" executionId="fabee453-63d7-4b39-b048-573fbaa6a2f3" testListId="8c84fa94-04c1-424b-9868-57a2d4851a1d" />
    <TestEntry testId="f124a491-bc0d-bf71-797e-bbde387458d1" executionId="d7503463-f2c1-4b63-8513-aa341605d67d" testListId="8c84fa94-04c1-424b-9868-57a2d4851a1d" />
    <TestEntry testId="2a741223-0295-1e6f-80d4-5b6dbcd5691f" executionId="8ba38d1c-a1cf-4206-a503-7a70098ffaff" testListId="8c84fa94-04c1-424b-9868-57a2d4851a1d" />
    <TestEntry testId="e531d1a4-4f44-dea8-177d-a90fd07ca12e" executionId="ac86ef74-725d-4088-a010-42c1b173cd1b" testListId="8c84fa94-04c1-424b-9868-57a2d4851a1d" />
    <TestEntry testId="d6f18b2f-792f-dcfd-557b-b856e56eb0b4" executionId="f811d353-bf5f-41b1-b282-95ccdb6a9003" testListId="8c84fa94-04c1-424b-9868-57a2d4851a1d" />
    <TestEntry testId="5b15de16-b4d0-e96f-eda5-aa63a51243b0" executionId="809d1c9d-6690-4333-8e7c-c4f11209d088" testListId="8c84fa94-04c1-424b-9868-57a2d4851a1d" />
    <TestEntry testId="4acf50fe-2249-220a-c9be-4fc5c6d92a32" executionId="a58b1f52-03ea-420a-8c62-7e45790264f5" testListId="8c84fa94-04c1-424b-9868-57a2d4851a1d" />
    <TestEntry testId="6de27816-7c90-3abe-fc0c-c0620d87b1b0" executionId="1af8c559-d8a3-40fe-bcb1-cae642113252" testListId="8c84fa94-04c1-424b-9868-57a2d4851a1d" />
    <TestEntry testId="10932558-4b31-8d82-8e0f-907b04563ac4" executionId="2c9702e4-1929-4a7c-9626-3942a74d0048" testListId="8c84fa94-04c1-424b-9868-57a2d4851a1d" />
  </TestEntries>
  <TestLists>
    <TestList name="Results Not in a List" id="8c84fa94-04c1-424b-9868-57a2d4851a1d" />
    <TestList name="All Loaded Results" id="19431567-8539-422a-85d7-44ee4e166bda" />
  </TestLists>
  <ResultSummary outcome="Completed">
    <Counters total="109" executed="109" passed="109" failed="0" error="0" timeout="0" aborted="0" inconclusive="0" passedButRunAborted="0" notRunnable="0" notExecuted="0" disconnected="0" warning="0" completed="0" inProgress="0" pending="0" />
    <Output>
      <StdOut>[xUnit.net 00:00:00.00] xUnit.net VSTest Adapter v2.4.3+1b45f5407b (64-bit .NET 5.0.10)&#xD;
[xUnit.net 00:00:00.90]   Discovering: MovieRental.UnitTests&#xD;
[xUnit.net 00:00:00.93]   Discovered:  MovieRental.UnitTests&#xD;
[xUnit.net 00:00:00.93]   Starting:    MovieRental.UnitTests&#xD;
[xUnit.net 00:00:01.20]   Finished:    MovieRental.UnitTests&#xD;
</StdOut>
    </Output>
  </ResultSummary>
</TestRun>